[0.073s] DEBUG:colcon:Command line arguments: ['/usr/bin/colcon', 'build', '--symlink-install', '--packages-select', 'linepreprocessor']
[0.073s] DEBUG:colcon:Parsed command line arguments: Namespace(log_base=None, log_level=None, verb_name='build', build_base='build', install_base='install', merge_install=False, symlink_install=True, test_result_base=None, continue_on_error=False, executor='parallel', parallel_workers=32, event_handlers=None, ignore_user_meta=False, metas=['./colcon.meta'], base_paths=['.'], packages_ignore=None, packages_ignore_regex=None, paths=None, packages_up_to=None, packages_up_to_regex=None, packages_above=None, packages_above_and_dependencies=None, packages_above_depth=None, packages_select_by_dep=None, packages_skip_by_dep=None, packages_skip_up_to=None, packages_select_build_failed=False, packages_skip_build_finished=False, packages_select_test_failures=False, packages_skip_test_passed=False, packages_select=['linepreprocessor'], packages_skip=None, packages_select_regex=None, packages_skip_regex=None, packages_start=None, packages_end=None, allow_overriding=[], cmake_args=None, cmake_target=None, cmake_target_skip_unavailable=False, cmake_clean_cache=False, cmake_clean_first=False, cmake_force_configure=False, ament_cmake_args=None, catkin_cmake_args=None, catkin_skip_building_tests=False, mixin_files=None, mixin=None, verb_parser=<colcon_mixin.mixin.mixin_argument.MixinArgumentDecorator object at 0x714b8e321810>, verb_extension=<colcon_core.verb.build.BuildVerb object at 0x714b8e320e50>, main=<bound method BuildVerb.main of <colcon_core.verb.build.BuildVerb object at 0x714b8e320e50>>, mixin_verb=('build',))
[0.170s] Level 1:colcon.colcon_core.package_discovery:discover_packages(colcon_meta) check parameters
[0.171s] Level 1:colcon.colcon_core.package_discovery:discover_packages(recursive) check parameters
[0.171s] Level 1:colcon.colcon_core.package_discovery:discover_packages(ignore) check parameters
[0.171s] Level 1:colcon.colcon_core.package_discovery:discover_packages(path) check parameters
[0.171s] Level 1:colcon.colcon_core.package_discovery:discover_packages(colcon_meta) discover
[0.171s] Level 1:colcon.colcon_core.package_discovery:discover_packages(recursive) discover
[0.171s] INFO:colcon.colcon_core.package_discovery:Crawling recursively for packages in '/home/bah/LineFollower_Sim2Real'
[0.171s] Level 1:colcon.colcon_core.package_identification:_identify(.) by extensions ['ignore', 'ignore_ament_install']
[0.171s] Level 1:colcon.colcon_core.package_identification:_identify(.) by extension 'ignore'
[0.171s] Level 1:colcon.colcon_core.package_identification:_identify(.) by extension 'ignore_ament_install'
[0.171s] Level 1:colcon.colcon_core.package_identification:_identify(.) by extensions ['colcon_pkg']
[0.171s] Level 1:colcon.colcon_core.package_identification:_identify(.) by extension 'colcon_pkg'
[0.171s] Level 1:colcon.colcon_core.package_identification:_identify(.) by extensions ['colcon_meta']
[0.171s] Level 1:colcon.colcon_core.package_identification:_identify(.) by extension 'colcon_meta'
[0.171s] Level 1:colcon.colcon_core.package_identification:_identify(.) by extensions ['ros']
[0.171s] Level 1:colcon.colcon_core.package_identification:_identify(.) by extension 'ros'
[0.180s] Level 1:colcon.colcon_core.package_identification:_identify(.) by extensions ['cmake', 'python']
[0.180s] Level 1:colcon.colcon_core.package_identification:_identify(.) by extension 'cmake'
[0.180s] Level 1:colcon.colcon_core.package_identification:_identify(.) by extension 'python'
[0.180s] Level 1:colcon.colcon_core.package_identification:_identify(.) by extensions ['python_setup_py']
[0.180s] Level 1:colcon.colcon_core.package_identification:_identify(.) by extension 'python_setup_py'
[0.180s] Level 1:colcon.colcon_core.package_identification:_identify(ActionGraphs) by extensions ['ignore', 'ignore_ament_install']
[0.180s] Level 1:colcon.colcon_core.package_identification:_identify(ActionGraphs) by extension 'ignore'
[0.180s] Level 1:colcon.colcon_core.package_identification:_identify(ActionGraphs) by extension 'ignore_ament_install'
[0.180s] Level 1:colcon.colcon_core.package_identification:_identify(ActionGraphs) by extensions ['colcon_pkg']
[0.180s] Level 1:colcon.colcon_core.package_identification:_identify(ActionGraphs) by extension 'colcon_pkg'
[0.180s] Level 1:colcon.colcon_core.package_identification:_identify(ActionGraphs) by extensions ['colcon_meta']
[0.180s] Level 1:colcon.colcon_core.package_identification:_identify(ActionGraphs) by extension 'colcon_meta'
[0.180s] Level 1:colcon.colcon_core.package_identification:_identify(ActionGraphs) by extensions ['ros']
[0.180s] Level 1:colcon.colcon_core.package_identification:_identify(ActionGraphs) by extension 'ros'
[0.180s] Level 1:colcon.colcon_core.package_identification:_identify(ActionGraphs) by extensions ['cmake', 'python']
[0.180s] Level 1:colcon.colcon_core.package_identification:_identify(ActionGraphs) by extension 'cmake'
[0.181s] Level 1:colcon.colcon_core.package_identification:_identify(ActionGraphs) by extension 'python'
[0.181s] Level 1:colcon.colcon_core.package_identification:_identify(ActionGraphs) by extensions ['python_setup_py']
[0.181s] Level 1:colcon.colcon_core.package_identification:_identify(ActionGraphs) by extension 'python_setup_py'
[0.181s] Level 1:colcon.colcon_core.package_identification:_identify(build) by extensions ['ignore', 'ignore_ament_install']
[0.181s] Level 1:colcon.colcon_core.package_identification:_identify(build) by extension 'ignore'
[0.181s] Level 1:colcon.colcon_core.package_identification:_identify(build) ignored
[0.181s] Level 1:colcon.colcon_core.package_identification:_identify(install) by extensions ['ignore', 'ignore_ament_install']
[0.181s] Level 1:colcon.colcon_core.package_identification:_identify(install) by extension 'ignore'
[0.181s] Level 1:colcon.colcon_core.package_identification:_identify(install) ignored
[0.181s] Level 1:colcon.colcon_core.package_identification:_identify(log) by extensions ['ignore', 'ignore_ament_install']
[0.181s] Level 1:colcon.colcon_core.package_identification:_identify(log) by extension 'ignore'
[0.181s] Level 1:colcon.colcon_core.package_identification:_identify(log) ignored
[0.181s] Level 1:colcon.colcon_core.package_identification:_identify(src) by extensions ['ignore', 'ignore_ament_install']
[0.181s] Level 1:colcon.colcon_core.package_identification:_identify(src) by extension 'ignore'
[0.181s] Level 1:colcon.colcon_core.package_identification:_identify(src) by extension 'ignore_ament_install'
[0.181s] Level 1:colcon.colcon_core.package_identification:_identify(src) by extensions ['colcon_pkg']
[0.181s] Level 1:colcon.colcon_core.package_identification:_identify(src) by extension 'colcon_pkg'
[0.182s] Level 1:colcon.colcon_core.package_identification:_identify(src) by extensions ['colcon_meta']
[0.182s] Level 1:colcon.colcon_core.package_identification:_identify(src) by extension 'colcon_meta'
[0.182s] Level 1:colcon.colcon_core.package_identification:_identify(src) by extensions ['ros']
[0.182s] Level 1:colcon.colcon_core.package_identification:_identify(src) by extension 'ros'
[0.182s] Level 1:colcon.colcon_core.package_identification:_identify(src) by extensions ['cmake', 'python']
[0.182s] Level 1:colcon.colcon_core.package_identification:_identify(src) by extension 'cmake'
[0.182s] Level 1:colcon.colcon_core.package_identification:_identify(src) by extension 'python'
[0.182s] Level 1:colcon.colcon_core.package_identification:_identify(src) by extensions ['python_setup_py']
[0.182s] Level 1:colcon.colcon_core.package_identification:_identify(src) by extension 'python_setup_py'
[0.182s] Level 1:colcon.colcon_core.package_identification:_identify(src/linepreprocessor) by extensions ['ignore', 'ignore_ament_install']
[0.182s] Level 1:colcon.colcon_core.package_identification:_identify(src/linepreprocessor) by extension 'ignore'
[0.182s] Level 1:colcon.colcon_core.package_identification:_identify(src/linepreprocessor) by extension 'ignore_ament_install'
[0.182s] Level 1:colcon.colcon_core.package_identification:_identify(src/linepreprocessor) by extensions ['colcon_pkg']
[0.182s] Level 1:colcon.colcon_core.package_identification:_identify(src/linepreprocessor) by extension 'colcon_pkg'
[0.182s] Level 1:colcon.colcon_core.package_identification:_identify(src/linepreprocessor) by extensions ['colcon_meta']
[0.182s] Level 1:colcon.colcon_core.package_identification:_identify(src/linepreprocessor) by extension 'colcon_meta'
[0.182s] Level 1:colcon.colcon_core.package_identification:_identify(src/linepreprocessor) by extensions ['ros']
[0.182s] Level 1:colcon.colcon_core.package_identification:_identify(src/linepreprocessor) by extension 'ros'
[0.184s] DEBUG:colcon.colcon_core.package_identification:Package 'src/linepreprocessor' with type 'ros.ament_python' and name 'linepreprocessor'
[0.184s] Level 1:colcon.colcon_core.package_identification:_identify(stages) by extensions ['ignore', 'ignore_ament_install']
[0.184s] Level 1:colcon.colcon_core.package_identification:_identify(stages) by extension 'ignore'
[0.184s] Level 1:colcon.colcon_core.package_identification:_identify(stages) by extension 'ignore_ament_install'
[0.184s] Level 1:colcon.colcon_core.package_identification:_identify(stages) by extensions ['colcon_pkg']
[0.184s] Level 1:colcon.colcon_core.package_identification:_identify(stages) by extension 'colcon_pkg'
[0.184s] Level 1:colcon.colcon_core.package_identification:_identify(stages) by extensions ['colcon_meta']
[0.184s] Level 1:colcon.colcon_core.package_identification:_identify(stages) by extension 'colcon_meta'
[0.184s] Level 1:colcon.colcon_core.package_identification:_identify(stages) by extensions ['ros']
[0.184s] Level 1:colcon.colcon_core.package_identification:_identify(stages) by extension 'ros'
[0.184s] Level 1:colcon.colcon_core.package_identification:_identify(stages) by extensions ['cmake', 'python']
[0.184s] Level 1:colcon.colcon_core.package_identification:_identify(stages) by extension 'cmake'
[0.184s] Level 1:colcon.colcon_core.package_identification:_identify(stages) by extension 'python'
[0.184s] Level 1:colcon.colcon_core.package_identification:_identify(stages) by extensions ['python_setup_py']
[0.184s] Level 1:colcon.colcon_core.package_identification:_identify(stages) by extension 'python_setup_py'
[0.184s] Level 1:colcon.colcon_core.package_identification:_identify(stages/StraightLine_Stage) by extensions ['ignore', 'ignore_ament_install']
[0.184s] Level 1:colcon.colcon_core.package_identification:_identify(stages/StraightLine_Stage) by extension 'ignore'
[0.184s] Level 1:colcon.colcon_core.package_identification:_identify(stages/StraightLine_Stage) by extension 'ignore_ament_install'
[0.184s] Level 1:colcon.colcon_core.package_identification:_identify(stages/StraightLine_Stage) by extensions ['colcon_pkg']
[0.184s] Level 1:colcon.colcon_core.package_identification:_identify(stages/StraightLine_Stage) by extension 'colcon_pkg'
[0.184s] Level 1:colcon.colcon_core.package_identification:_identify(stages/StraightLine_Stage) by extensions ['colcon_meta']
[0.184s] Level 1:colcon.colcon_core.package_identification:_identify(stages/StraightLine_Stage) by extension 'colcon_meta'
[0.184s] Level 1:colcon.colcon_core.package_identification:_identify(stages/StraightLine_Stage) by extensions ['ros']
[0.184s] Level 1:colcon.colcon_core.package_identification:_identify(stages/StraightLine_Stage) by extension 'ros'
[0.184s] Level 1:colcon.colcon_core.package_identification:_identify(stages/StraightLine_Stage) by extensions ['cmake', 'python']
[0.184s] Level 1:colcon.colcon_core.package_identification:_identify(stages/StraightLine_Stage) by extension 'cmake'
[0.184s] Level 1:colcon.colcon_core.package_identification:_identify(stages/StraightLine_Stage) by extension 'python'
[0.184s] Level 1:colcon.colcon_core.package_identification:_identify(stages/StraightLine_Stage) by extensions ['python_setup_py']
[0.184s] Level 1:colcon.colcon_core.package_identification:_identify(stages/StraightLine_Stage) by extension 'python_setup_py'
[0.184s] Level 1:colcon.colcon_core.package_identification:_identify(stages/StraightLine_Stage/StraightLine_URDF) by extensions ['ignore', 'ignore_ament_install']
[0.184s] Level 1:colcon.colcon_core.package_identification:_identify(stages/StraightLine_Stage/StraightLine_URDF) by extension 'ignore'
[0.184s] Level 1:colcon.colcon_core.package_identification:_identify(stages/StraightLine_Stage/StraightLine_URDF) by extension 'ignore_ament_install'
[0.185s] Level 1:colcon.colcon_core.package_identification:_identify(stages/StraightLine_Stage/StraightLine_URDF) by extensions ['colcon_pkg']
[0.185s] Level 1:colcon.colcon_core.package_identification:_identify(stages/StraightLine_Stage/StraightLine_URDF) by extension 'colcon_pkg'
[0.185s] Level 1:colcon.colcon_core.package_identification:_identify(stages/StraightLine_Stage/StraightLine_URDF) by extensions ['colcon_meta']
[0.185s] Level 1:colcon.colcon_core.package_identification:_identify(stages/StraightLine_Stage/StraightLine_URDF) by extension 'colcon_meta'
[0.185s] Level 1:colcon.colcon_core.package_identification:_identify(stages/StraightLine_Stage/StraightLine_URDF) by extensions ['ros']
[0.185s] Level 1:colcon.colcon_core.package_identification:_identify(stages/StraightLine_Stage/StraightLine_URDF) by extension 'ros'
[0.185s] Level 1:colcon.colcon_core.package_identification:_identify(stages/StraightLine_Stage/StraightLine_URDF) by extensions ['cmake', 'python']
[0.185s] Level 1:colcon.colcon_core.package_identification:_identify(stages/StraightLine_Stage/StraightLine_URDF) by extension 'cmake'
[0.185s] Level 1:colcon.colcon_core.package_identification:_identify(stages/StraightLine_Stage/StraightLine_URDF) by extension 'python'
[0.185s] Level 1:colcon.colcon_core.package_identification:_identify(stages/StraightLine_Stage/StraightLine_URDF) by extensions ['python_setup_py']
[0.185s] Level 1:colcon.colcon_core.package_identification:_identify(stages/StraightLine_Stage/StraightLine_URDF) by extension 'python_setup_py'
[0.185s] Level 1:colcon.colcon_core.package_identification:_identify(stages/StraightLine_Stage/StraightLine_URDF/straight_line_stage) by extensions ['ignore', 'ignore_ament_install']
[0.185s] Level 1:colcon.colcon_core.package_identification:_identify(stages/StraightLine_Stage/StraightLine_URDF/straight_line_stage) by extension 'ignore'
[0.185s] Level 1:colcon.colcon_core.package_identification:_identify(stages/StraightLine_Stage/StraightLine_URDF/straight_line_stage) by extension 'ignore_ament_install'
[0.185s] Level 1:colcon.colcon_core.package_identification:_identify(stages/StraightLine_Stage/StraightLine_URDF/straight_line_stage) by extensions ['colcon_pkg']
[0.185s] Level 1:colcon.colcon_core.package_identification:_identify(stages/StraightLine_Stage/StraightLine_URDF/straight_line_stage) by extension 'colcon_pkg'
[0.185s] Level 1:colcon.colcon_core.package_identification:_identify(stages/StraightLine_Stage/StraightLine_URDF/straight_line_stage) by extensions ['colcon_meta']
[0.185s] Level 1:colcon.colcon_core.package_identification:_identify(stages/StraightLine_Stage/StraightLine_URDF/straight_line_stage) by extension 'colcon_meta'
[0.185s] Level 1:colcon.colcon_core.package_identification:_identify(stages/StraightLine_Stage/StraightLine_URDF/straight_line_stage) by extensions ['ros']
[0.185s] Level 1:colcon.colcon_core.package_identification:_identify(stages/StraightLine_Stage/StraightLine_URDF/straight_line_stage) by extension 'ros'
[0.185s] Level 1:colcon.colcon_core.package_identification:_identify(stages/StraightLine_Stage/StraightLine_URDF/straight_line_stage) by extensions ['cmake', 'python']
[0.185s] Level 1:colcon.colcon_core.package_identification:_identify(stages/StraightLine_Stage/StraightLine_URDF/straight_line_stage) by extension 'cmake'
[0.185s] Level 1:colcon.colcon_core.package_identification:_identify(stages/StraightLine_Stage/StraightLine_URDF/straight_line_stage) by extension 'python'
[0.185s] Level 1:colcon.colcon_core.package_identification:_identify(stages/StraightLine_Stage/StraightLine_URDF/straight_line_stage) by extensions ['python_setup_py']
[0.185s] Level 1:colcon.colcon_core.package_identification:_identify(stages/StraightLine_Stage/StraightLine_URDF/straight_line_stage) by extension 'python_setup_py'
[0.185s] Level 1:colcon.colcon_core.package_identification:_identify(stages/StraightLine_Stage/StraightLine_URDF/straight_line_stage/configuration) by extensions ['ignore', 'ignore_ament_install']
[0.185s] Level 1:colcon.colcon_core.package_identification:_identify(stages/StraightLine_Stage/StraightLine_URDF/straight_line_stage/configuration) by extension 'ignore'
[0.185s] Level 1:colcon.colcon_core.package_identification:_identify(stages/StraightLine_Stage/StraightLine_URDF/straight_line_stage/configuration) by extension 'ignore_ament_install'
[0.185s] Level 1:colcon.colcon_core.package_identification:_identify(stages/StraightLine_Stage/StraightLine_URDF/straight_line_stage/configuration) by extensions ['colcon_pkg']
[0.185s] Level 1:colcon.colcon_core.package_identification:_identify(stages/StraightLine_Stage/StraightLine_URDF/straight_line_stage/configuration) by extension 'colcon_pkg'
[0.185s] Level 1:colcon.colcon_core.package_identification:_identify(stages/StraightLine_Stage/StraightLine_URDF/straight_line_stage/configuration) by extensions ['colcon_meta']
[0.185s] Level 1:colcon.colcon_core.package_identification:_identify(stages/StraightLine_Stage/StraightLine_URDF/straight_line_stage/configuration) by extension 'colcon_meta'
[0.185s] Level 1:colcon.colcon_core.package_identification:_identify(stages/StraightLine_Stage/StraightLine_URDF/straight_line_stage/configuration) by extensions ['ros']
[0.185s] Level 1:colcon.colcon_core.package_identification:_identify(stages/StraightLine_Stage/StraightLine_URDF/straight_line_stage/configuration) by extension 'ros'
[0.185s] Level 1:colcon.colcon_core.package_identification:_identify(stages/StraightLine_Stage/StraightLine_URDF/straight_line_stage/configuration) by extensions ['cmake', 'python']
[0.185s] Level 1:colcon.colcon_core.package_identification:_identify(stages/StraightLine_Stage/StraightLine_URDF/straight_line_stage/configuration) by extension 'cmake'
[0.185s] Level 1:colcon.colcon_core.package_identification:_identify(stages/StraightLine_Stage/StraightLine_URDF/straight_line_stage/configuration) by extension 'python'
[0.185s] Level 1:colcon.colcon_core.package_identification:_identify(stages/StraightLine_Stage/StraightLine_URDF/straight_line_stage/configuration) by extensions ['python_setup_py']
[0.185s] Level 1:colcon.colcon_core.package_identification:_identify(stages/StraightLine_Stage/StraightLine_URDF/straight_line_stage/configuration) by extension 'python_setup_py'
[0.185s] Level 1:colcon.colcon_core.package_identification:_identify(stages/StraightLine_Stage/straight_line_stage) by extensions ['ignore', 'ignore_ament_install']
[0.185s] Level 1:colcon.colcon_core.package_identification:_identify(stages/StraightLine_Stage/straight_line_stage) by extension 'ignore'
[0.185s] Level 1:colcon.colcon_core.package_identification:_identify(stages/StraightLine_Stage/straight_line_stage) by extension 'ignore_ament_install'
[0.185s] Level 1:colcon.colcon_core.package_identification:_identify(stages/StraightLine_Stage/straight_line_stage) by extensions ['colcon_pkg']
[0.185s] Level 1:colcon.colcon_core.package_identification:_identify(stages/StraightLine_Stage/straight_line_stage) by extension 'colcon_pkg'
[0.185s] Level 1:colcon.colcon_core.package_identification:_identify(stages/StraightLine_Stage/straight_line_stage) by extensions ['colcon_meta']
[0.185s] Level 1:colcon.colcon_core.package_identification:_identify(stages/StraightLine_Stage/straight_line_stage) by extension 'colcon_meta'
[0.185s] Level 1:colcon.colcon_core.package_identification:_identify(stages/StraightLine_Stage/straight_line_stage) by extensions ['ros']
[0.185s] Level 1:colcon.colcon_core.package_identification:_identify(stages/StraightLine_Stage/straight_line_stage) by extension 'ros'
[0.185s] Level 1:colcon.colcon_core.package_identification:_identify(stages/StraightLine_Stage/straight_line_stage) by extensions ['cmake', 'python']
[0.185s] Level 1:colcon.colcon_core.package_identification:_identify(stages/StraightLine_Stage/straight_line_stage) by extension 'cmake'
[0.185s] Level 1:colcon.colcon_core.package_identification:_identify(stages/StraightLine_Stage/straight_line_stage) by extension 'python'
[0.185s] Level 1:colcon.colcon_core.package_identification:_identify(stages/StraightLine_Stage/straight_line_stage) by extensions ['python_setup_py']
[0.185s] Level 1:colcon.colcon_core.package_identification:_identify(stages/StraightLine_Stage/straight_line_stage) by extension 'python_setup_py'
[0.185s] Level 1:colcon.colcon_core.package_identification:_identify(stages/StraightLine_Stage/straight_line_stage/configuration) by extensions ['ignore', 'ignore_ament_install']
[0.185s] Level 1:colcon.colcon_core.package_identification:_identify(stages/StraightLine_Stage/straight_line_stage/configuration) by extension 'ignore'
[0.185s] Level 1:colcon.colcon_core.package_identification:_identify(stages/StraightLine_Stage/straight_line_stage/configuration) by extension 'ignore_ament_install'
[0.185s] Level 1:colcon.colcon_core.package_identification:_identify(stages/StraightLine_Stage/straight_line_stage/configuration) by extensions ['colcon_pkg']
[0.185s] Level 1:colcon.colcon_core.package_identification:_identify(stages/StraightLine_Stage/straight_line_stage/configuration) by extension 'colcon_pkg'
[0.185s] Level 1:colcon.colcon_core.package_identification:_identify(stages/StraightLine_Stage/straight_line_stage/configuration) by extensions ['colcon_meta']
[0.185s] Level 1:colcon.colcon_core.package_identification:_identify(stages/StraightLine_Stage/straight_line_stage/configuration) by extension 'colcon_meta'
[0.186s] Level 1:colcon.colcon_core.package_identification:_identify(stages/StraightLine_Stage/straight_line_stage/configuration) by extensions ['ros']
[0.186s] Level 1:colcon.colcon_core.package_identification:_identify(stages/StraightLine_Stage/straight_line_stage/configuration) by extension 'ros'
[0.186s] Level 1:colcon.colcon_core.package_identification:_identify(stages/StraightLine_Stage/straight_line_stage/configuration) by extensions ['cmake', 'python']
[0.186s] Level 1:colcon.colcon_core.package_identification:_identify(stages/StraightLine_Stage/straight_line_stage/configuration) by extension 'cmake'
[0.186s] Level 1:colcon.colcon_core.package_identification:_identify(stages/StraightLine_Stage/straight_line_stage/configuration) by extension 'python'
[0.186s] Level 1:colcon.colcon_core.package_identification:_identify(stages/StraightLine_Stage/straight_line_stage/configuration) by extensions ['python_setup_py']
[0.186s] Level 1:colcon.colcon_core.package_identification:_identify(stages/StraightLine_Stage/straight_line_stage/configuration) by extension 'python_setup_py'
[0.186s] Level 1:colcon.colcon_core.package_identification:_identify(stages/StraightLine_Stage/straight_line_stage/configuration/materials) by extensions ['ignore', 'ignore_ament_install']
[0.186s] Level 1:colcon.colcon_core.package_identification:_identify(stages/StraightLine_Stage/straight_line_stage/configuration/materials) by extension 'ignore'
[0.186s] Level 1:colcon.colcon_core.package_identification:_identify(stages/StraightLine_Stage/straight_line_stage/configuration/materials) by extension 'ignore_ament_install'
[0.186s] Level 1:colcon.colcon_core.package_identification:_identify(stages/StraightLine_Stage/straight_line_stage/configuration/materials) by extensions ['colcon_pkg']
[0.186s] Level 1:colcon.colcon_core.package_identification:_identify(stages/StraightLine_Stage/straight_line_stage/configuration/materials) by extension 'colcon_pkg'
[0.186s] Level 1:colcon.colcon_core.package_identification:_identify(stages/StraightLine_Stage/straight_line_stage/configuration/materials) by extensions ['colcon_meta']
[0.186s] Level 1:colcon.colcon_core.package_identification:_identify(stages/StraightLine_Stage/straight_line_stage/configuration/materials) by extension 'colcon_meta'
[0.186s] Level 1:colcon.colcon_core.package_identification:_identify(stages/StraightLine_Stage/straight_line_stage/configuration/materials) by extensions ['ros']
[0.186s] Level 1:colcon.colcon_core.package_identification:_identify(stages/StraightLine_Stage/straight_line_stage/configuration/materials) by extension 'ros'
[0.186s] Level 1:colcon.colcon_core.package_identification:_identify(stages/StraightLine_Stage/straight_line_stage/configuration/materials) by extensions ['cmake', 'python']
[0.186s] Level 1:colcon.colcon_core.package_identification:_identify(stages/StraightLine_Stage/straight_line_stage/configuration/materials) by extension 'cmake'
[0.186s] Level 1:colcon.colcon_core.package_identification:_identify(stages/StraightLine_Stage/straight_line_stage/configuration/materials) by extension 'python'
[0.186s] Level 1:colcon.colcon_core.package_identification:_identify(stages/StraightLine_Stage/straight_line_stage/configuration/materials) by extensions ['python_setup_py']
[0.186s] Level 1:colcon.colcon_core.package_identification:_identify(stages/StraightLine_Stage/straight_line_stage/configuration/materials) by extension 'python_setup_py'
[0.186s] Level 1:colcon.colcon_core.package_identification:_identify(stages/StraightLine_Stage/straight_line_stage/configuration/materials/textures) by extensions ['ignore', 'ignore_ament_install']
[0.186s] Level 1:colcon.colcon_core.package_identification:_identify(stages/StraightLine_Stage/straight_line_stage/configuration/materials/textures) by extension 'ignore'
[0.186s] Level 1:colcon.colcon_core.package_identification:_identify(stages/StraightLine_Stage/straight_line_stage/configuration/materials/textures) by extension 'ignore_ament_install'
[0.186s] Level 1:colcon.colcon_core.package_identification:_identify(stages/StraightLine_Stage/straight_line_stage/configuration/materials/textures) by extensions ['colcon_pkg']
[0.186s] Level 1:colcon.colcon_core.package_identification:_identify(stages/StraightLine_Stage/straight_line_stage/configuration/materials/textures) by extension 'colcon_pkg'
[0.186s] Level 1:colcon.colcon_core.package_identification:_identify(stages/StraightLine_Stage/straight_line_stage/configuration/materials/textures) by extensions ['colcon_meta']
[0.186s] Level 1:colcon.colcon_core.package_identification:_identify(stages/StraightLine_Stage/straight_line_stage/configuration/materials/textures) by extension 'colcon_meta'
[0.186s] Level 1:colcon.colcon_core.package_identification:_identify(stages/StraightLine_Stage/straight_line_stage/configuration/materials/textures) by extensions ['ros']
[0.186s] Level 1:colcon.colcon_core.package_identification:_identify(stages/StraightLine_Stage/straight_line_stage/configuration/materials/textures) by extension 'ros'
[0.186s] Level 1:colcon.colcon_core.package_identification:_identify(stages/StraightLine_Stage/straight_line_stage/configuration/materials/textures) by extensions ['cmake', 'python']
[0.186s] Level 1:colcon.colcon_core.package_identification:_identify(stages/StraightLine_Stage/straight_line_stage/configuration/materials/textures) by extension 'cmake'
[0.186s] Level 1:colcon.colcon_core.package_identification:_identify(stages/StraightLine_Stage/straight_line_stage/configuration/materials/textures) by extension 'python'
[0.186s] Level 1:colcon.colcon_core.package_identification:_identify(stages/StraightLine_Stage/straight_line_stage/configuration/materials/textures) by extensions ['python_setup_py']
[0.186s] Level 1:colcon.colcon_core.package_identification:_identify(stages/StraightLine_Stage/straight_line_stage/configuration/materials/textures) by extension 'python_setup_py'
[0.186s] Level 1:colcon.colcon_core.package_identification:_identify(stages/straight_line_stage) by extensions ['ignore', 'ignore_ament_install']
[0.186s] Level 1:colcon.colcon_core.package_identification:_identify(stages/straight_line_stage) by extension 'ignore'
[0.186s] Level 1:colcon.colcon_core.package_identification:_identify(stages/straight_line_stage) by extension 'ignore_ament_install'
[0.186s] Level 1:colcon.colcon_core.package_identification:_identify(stages/straight_line_stage) by extensions ['colcon_pkg']
[0.186s] Level 1:colcon.colcon_core.package_identification:_identify(stages/straight_line_stage) by extension 'colcon_pkg'
[0.186s] Level 1:colcon.colcon_core.package_identification:_identify(stages/straight_line_stage) by extensions ['colcon_meta']
[0.186s] Level 1:colcon.colcon_core.package_identification:_identify(stages/straight_line_stage) by extension 'colcon_meta'
[0.186s] Level 1:colcon.colcon_core.package_identification:_identify(stages/straight_line_stage) by extensions ['ros']
[0.186s] Level 1:colcon.colcon_core.package_identification:_identify(stages/straight_line_stage) by extension 'ros'
[0.186s] Level 1:colcon.colcon_core.package_identification:_identify(stages/straight_line_stage) by extensions ['cmake', 'python']
[0.186s] Level 1:colcon.colcon_core.package_identification:_identify(stages/straight_line_stage) by extension 'cmake'
[0.186s] Level 1:colcon.colcon_core.package_identification:_identify(stages/straight_line_stage) by extension 'python'
[0.186s] Level 1:colcon.colcon_core.package_identification:_identify(stages/straight_line_stage) by extensions ['python_setup_py']
[0.186s] Level 1:colcon.colcon_core.package_identification:_identify(stages/straight_line_stage) by extension 'python_setup_py'
[0.186s] Level 1:colcon.colcon_core.package_identification:_identify(stages/straight_line_stage/configuration) by extensions ['ignore', 'ignore_ament_install']
[0.186s] Level 1:colcon.colcon_core.package_identification:_identify(stages/straight_line_stage/configuration) by extension 'ignore'
[0.186s] Level 1:colcon.colcon_core.package_identification:_identify(stages/straight_line_stage/configuration) by extension 'ignore_ament_install'
[0.186s] Level 1:colcon.colcon_core.package_identification:_identify(stages/straight_line_stage/configuration) by extensions ['colcon_pkg']
[0.186s] Level 1:colcon.colcon_core.package_identification:_identify(stages/straight_line_stage/configuration) by extension 'colcon_pkg'
[0.186s] Level 1:colcon.colcon_core.package_identification:_identify(stages/straight_line_stage/configuration) by extensions ['colcon_meta']
[0.187s] Level 1:colcon.colcon_core.package_identification:_identify(stages/straight_line_stage/configuration) by extension 'colcon_meta'
[0.187s] Level 1:colcon.colcon_core.package_identification:_identify(stages/straight_line_stage/configuration) by extensions ['ros']
[0.187s] Level 1:colcon.colcon_core.package_identification:_identify(stages/straight_line_stage/configuration) by extension 'ros'
[0.187s] Level 1:colcon.colcon_core.package_identification:_identify(stages/straight_line_stage/configuration) by extensions ['cmake', 'python']
[0.187s] Level 1:colcon.colcon_core.package_identification:_identify(stages/straight_line_stage/configuration) by extension 'cmake'
[0.187s] Level 1:colcon.colcon_core.package_identification:_identify(stages/straight_line_stage/configuration) by extension 'python'
[0.187s] Level 1:colcon.colcon_core.package_identification:_identify(stages/straight_line_stage/configuration) by extensions ['python_setup_py']
[0.187s] Level 1:colcon.colcon_core.package_identification:_identify(stages/straight_line_stage/configuration) by extension 'python_setup_py'
[0.187s] Level 1:colcon.colcon_core.package_identification:_identify(stages/straight_line_stage/configuration/materials) by extensions ['ignore', 'ignore_ament_install']
[0.187s] Level 1:colcon.colcon_core.package_identification:_identify(stages/straight_line_stage/configuration/materials) by extension 'ignore'
[0.187s] Level 1:colcon.colcon_core.package_identification:_identify(stages/straight_line_stage/configuration/materials) by extension 'ignore_ament_install'
[0.187s] Level 1:colcon.colcon_core.package_identification:_identify(stages/straight_line_stage/configuration/materials) by extensions ['colcon_pkg']
[0.187s] Level 1:colcon.colcon_core.package_identification:_identify(stages/straight_line_stage/configuration/materials) by extension 'colcon_pkg'
[0.187s] Level 1:colcon.colcon_core.package_identification:_identify(stages/straight_line_stage/configuration/materials) by extensions ['colcon_meta']
[0.187s] Level 1:colcon.colcon_core.package_identification:_identify(stages/straight_line_stage/configuration/materials) by extension 'colcon_meta'
[0.187s] Level 1:colcon.colcon_core.package_identification:_identify(stages/straight_line_stage/configuration/materials) by extensions ['ros']
[0.187s] Level 1:colcon.colcon_core.package_identification:_identify(stages/straight_line_stage/configuration/materials) by extension 'ros'
[0.187s] Level 1:colcon.colcon_core.package_identification:_identify(stages/straight_line_stage/configuration/materials) by extensions ['cmake', 'python']
[0.187s] Level 1:colcon.colcon_core.package_identification:_identify(stages/straight_line_stage/configuration/materials) by extension 'cmake'
[0.187s] Level 1:colcon.colcon_core.package_identification:_identify(stages/straight_line_stage/configuration/materials) by extension 'python'
[0.187s] Level 1:colcon.colcon_core.package_identification:_identify(stages/straight_line_stage/configuration/materials) by extensions ['python_setup_py']
[0.187s] Level 1:colcon.colcon_core.package_identification:_identify(stages/straight_line_stage/configuration/materials) by extension 'python_setup_py'
[0.187s] Level 1:colcon.colcon_core.package_identification:_identify(stages/straight_line_stage/configuration/materials/textures) by extensions ['ignore', 'ignore_ament_install']
[0.187s] Level 1:colcon.colcon_core.package_identification:_identify(stages/straight_line_stage/configuration/materials/textures) by extension 'ignore'
[0.187s] Level 1:colcon.colcon_core.package_identification:_identify(stages/straight_line_stage/configuration/materials/textures) by extension 'ignore_ament_install'
[0.187s] Level 1:colcon.colcon_core.package_identification:_identify(stages/straight_line_stage/configuration/materials/textures) by extensions ['colcon_pkg']
[0.187s] Level 1:colcon.colcon_core.package_identification:_identify(stages/straight_line_stage/configuration/materials/textures) by extension 'colcon_pkg'
[0.187s] Level 1:colcon.colcon_core.package_identification:_identify(stages/straight_line_stage/configuration/materials/textures) by extensions ['colcon_meta']
[0.187s] Level 1:colcon.colcon_core.package_identification:_identify(stages/straight_line_stage/configuration/materials/textures) by extension 'colcon_meta'
[0.187s] Level 1:colcon.colcon_core.package_identification:_identify(stages/straight_line_stage/configuration/materials/textures) by extensions ['ros']
[0.187s] Level 1:colcon.colcon_core.package_identification:_identify(stages/straight_line_stage/configuration/materials/textures) by extension 'ros'
[0.187s] Level 1:colcon.colcon_core.package_identification:_identify(stages/straight_line_stage/configuration/materials/textures) by extensions ['cmake', 'python']
[0.187s] Level 1:colcon.colcon_core.package_identification:_identify(stages/straight_line_stage/configuration/materials/textures) by extension 'cmake'
[0.187s] Level 1:colcon.colcon_core.package_identification:_identify(stages/straight_line_stage/configuration/materials/textures) by extension 'python'
[0.187s] Level 1:colcon.colcon_core.package_identification:_identify(stages/straight_line_stage/configuration/materials/textures) by extensions ['python_setup_py']
[0.187s] Level 1:colcon.colcon_core.package_identification:_identify(stages/straight_line_stage/configuration/materials/textures) by extension 'python_setup_py'
[0.187s] Level 1:colcon.colcon_core.package_identification:_identify(straight_line_stage) by extensions ['ignore', 'ignore_ament_install']
[0.187s] Level 1:colcon.colcon_core.package_identification:_identify(straight_line_stage) by extension 'ignore'
[0.187s] Level 1:colcon.colcon_core.package_identification:_identify(straight_line_stage) by extension 'ignore_ament_install'
[0.187s] Level 1:colcon.colcon_core.package_identification:_identify(straight_line_stage) by extensions ['colcon_pkg']
[0.187s] Level 1:colcon.colcon_core.package_identification:_identify(straight_line_stage) by extension 'colcon_pkg'
[0.187s] Level 1:colcon.colcon_core.package_identification:_identify(straight_line_stage) by extensions ['colcon_meta']
[0.187s] Level 1:colcon.colcon_core.package_identification:_identify(straight_line_stage) by extension 'colcon_meta'
[0.187s] Level 1:colcon.colcon_core.package_identification:_identify(straight_line_stage) by extensions ['ros']
[0.187s] Level 1:colcon.colcon_core.package_identification:_identify(straight_line_stage) by extension 'ros'
[0.187s] Level 1:colcon.colcon_core.package_identification:_identify(straight_line_stage) by extensions ['cmake', 'python']
[0.187s] Level 1:colcon.colcon_core.package_identification:_identify(straight_line_stage) by extension 'cmake'
[0.187s] Level 1:colcon.colcon_core.package_identification:_identify(straight_line_stage) by extension 'python'
[0.187s] Level 1:colcon.colcon_core.package_identification:_identify(straight_line_stage) by extensions ['python_setup_py']
[0.187s] Level 1:colcon.colcon_core.package_identification:_identify(straight_line_stage) by extension 'python_setup_py'
[0.188s] Level 1:colcon.colcon_core.package_identification:_identify(straight_line_stage/configuration) by extensions ['ignore', 'ignore_ament_install']
[0.188s] Level 1:colcon.colcon_core.package_identification:_identify(straight_line_stage/configuration) by extension 'ignore'
[0.188s] Level 1:colcon.colcon_core.package_identification:_identify(straight_line_stage/configuration) by extension 'ignore_ament_install'
[0.188s] Level 1:colcon.colcon_core.package_identification:_identify(straight_line_stage/configuration) by extensions ['colcon_pkg']
[0.188s] Level 1:colcon.colcon_core.package_identification:_identify(straight_line_stage/configuration) by extension 'colcon_pkg'
[0.188s] Level 1:colcon.colcon_core.package_identification:_identify(straight_line_stage/configuration) by extensions ['colcon_meta']
[0.188s] Level 1:colcon.colcon_core.package_identification:_identify(straight_line_stage/configuration) by extension 'colcon_meta'
[0.188s] Level 1:colcon.colcon_core.package_identification:_identify(straight_line_stage/configuration) by extensions ['ros']
[0.188s] Level 1:colcon.colcon_core.package_identification:_identify(straight_line_stage/configuration) by extension 'ros'
[0.188s] Level 1:colcon.colcon_core.package_identification:_identify(straight_line_stage/configuration) by extensions ['cmake', 'python']
[0.188s] Level 1:colcon.colcon_core.package_identification:_identify(straight_line_stage/configuration) by extension 'cmake'
[0.188s] Level 1:colcon.colcon_core.package_identification:_identify(straight_line_stage/configuration) by extension 'python'
[0.188s] Level 1:colcon.colcon_core.package_identification:_identify(straight_line_stage/configuration) by extensions ['python_setup_py']
[0.188s] Level 1:colcon.colcon_core.package_identification:_identify(straight_line_stage/configuration) by extension 'python_setup_py'
[0.188s] Level 1:colcon.colcon_core.package_discovery:discover_packages(recursive) using defaults
[0.188s] Level 1:colcon.colcon_core.package_discovery:discover_packages(ignore) discover
[0.188s] Level 1:colcon.colcon_core.package_discovery:discover_packages(ignore) using defaults
[0.188s] Level 1:colcon.colcon_core.package_discovery:discover_packages(path) discover
[0.188s] Level 1:colcon.colcon_core.package_discovery:discover_packages(path) using defaults
[0.203s] Level 1:colcon.colcon_core.package_discovery:discover_packages(prefix_path) check parameters
[0.203s] Level 1:colcon.colcon_core.package_discovery:discover_packages(prefix_path) discover
[0.204s] DEBUG:colcon.colcon_installed_package_information.package_discovery:Found 297 installed packages in /opt/ros/humble
[0.205s] Level 1:colcon.colcon_core.package_discovery:discover_packages(prefix_path) using defaults
[0.223s] Level 5:colcon.colcon_core.verb:set package 'linepreprocessor' build argument 'cmake_args' from command line to 'None'
[0.223s] Level 5:colcon.colcon_core.verb:set package 'linepreprocessor' build argument 'cmake_target' from command line to 'None'
[0.223s] Level 5:colcon.colcon_core.verb:set package 'linepreprocessor' build argument 'cmake_target_skip_unavailable' from command line to 'False'
[0.223s] Level 5:colcon.colcon_core.verb:set package 'linepreprocessor' build argument 'cmake_clean_cache' from command line to 'False'
[0.223s] Level 5:colcon.colcon_core.verb:set package 'linepreprocessor' build argument 'cmake_clean_first' from command line to 'False'
[0.224s] Level 5:colcon.colcon_core.verb:set package 'linepreprocessor' build argument 'cmake_force_configure' from command line to 'False'
[0.224s] Level 5:colcon.colcon_core.verb:set package 'linepreprocessor' build argument 'ament_cmake_args' from command line to 'None'
[0.224s] Level 5:colcon.colcon_core.verb:set package 'linepreprocessor' build argument 'catkin_cmake_args' from command line to 'None'
[0.224s] Level 5:colcon.colcon_core.verb:set package 'linepreprocessor' build argument 'catkin_skip_building_tests' from command line to 'False'
[0.224s] DEBUG:colcon.colcon_core.verb:Building package 'linepreprocessor' with the following arguments: {'ament_cmake_args': None, 'build_base': '/home/bah/LineFollower_Sim2Real/build/linepreprocessor', 'catkin_cmake_args': None, 'catkin_skip_building_tests': False, 'cmake_args': None, 'cmake_clean_cache': False, 'cmake_clean_first': False, 'cmake_force_configure': False, 'cmake_target': None, 'cmake_target_skip_unavailable': False, 'install_base': '/home/bah/LineFollower_Sim2Real/install/linepreprocessor', 'merge_install': False, 'path': '/home/bah/LineFollower_Sim2Real/src/linepreprocessor', 'symlink_install': True, 'test_result_base': None}
[0.224s] INFO:colcon.colcon_core.executor:Executing jobs using 'parallel' executor
[0.224s] DEBUG:colcon.colcon_parallel_executor.executor.parallel:run_until_complete
[0.224s] INFO:colcon.colcon_ros.task.ament_python.build:Building ROS package in '/home/bah/LineFollower_Sim2Real/src/linepreprocessor' with build type 'ament_python'
[0.224s] Level 1:colcon.colcon_core.shell:create_environment_hook('linepreprocessor', 'ament_prefix_path')
[0.225s] INFO:colcon.colcon_core.plugin_system:Skipping extension 'colcon_core.shell.bat': Not used on non-Windows systems
[0.225s] INFO:colcon.colcon_core.shell:Creating environment hook '/home/bah/LineFollower_Sim2Real/install/linepreprocessor/share/linepreprocessor/hook/ament_prefix_path.ps1'
[0.226s] INFO:colcon.colcon_core.shell:Creating environment descriptor '/home/bah/LineFollower_Sim2Real/install/linepreprocessor/share/linepreprocessor/hook/ament_prefix_path.dsv'
[0.226s] INFO:colcon.colcon_core.shell:Creating environment hook '/home/bah/LineFollower_Sim2Real/install/linepreprocessor/share/linepreprocessor/hook/ament_prefix_path.sh'
[0.226s] INFO:colcon.colcon_core.shell:Skip shell extension 'powershell' for command environment: Not usable outside of PowerShell
[0.226s] DEBUG:colcon.colcon_core.shell:Skip shell extension 'dsv' for command environment
[0.371s] INFO:colcon.colcon_core.task.python.build:Building Python package in '/home/bah/LineFollower_Sim2Real/src/linepreprocessor'
[0.372s] INFO:colcon.colcon_core.shell:Skip shell extension 'powershell' for command environment: Not usable outside of PowerShell
[0.372s] DEBUG:colcon.colcon_core.shell:Skip shell extension 'dsv' for command environment
[0.553s] DEBUG:colcon.colcon_core.event_handler.log_command:Invoking command in '/home/bah/LineFollower_Sim2Real/build/linepreprocessor': PYTHONPATH=/home/bah/LineFollower_Sim2Real/build/linepreprocessor/prefix_override:/usr/lib/python3/dist-packages/colcon_core/task/python/colcon_distutils_commands:/home/bah/LineFollower_Sim2Real/install/linepreprocessor/lib/python3.10/site-packages:${PYTHONPATH} /usr/bin/python3 -W ignore:setup.py install is deprecated -W ignore:easy_install command is deprecated setup.py develop --editable --build-directory /home/bah/LineFollower_Sim2Real/build/linepreprocessor/build --no-deps symlink_data
[0.814s] Level 1:colcon.colcon_core.shell:create_environment_hook('linepreprocessor', 'pythonpath_develop')
[0.814s] DEBUG:colcon.colcon_core.event_handler.log_command:Invoked command in '/home/bah/LineFollower_Sim2Real/build/linepreprocessor' returned '0': PYTHONPATH=/home/bah/LineFollower_Sim2Real/build/linepreprocessor/prefix_override:/usr/lib/python3/dist-packages/colcon_core/task/python/colcon_distutils_commands:/home/bah/LineFollower_Sim2Real/install/linepreprocessor/lib/python3.10/site-packages:${PYTHONPATH} /usr/bin/python3 -W ignore:setup.py install is deprecated -W ignore:easy_install command is deprecated setup.py develop --editable --build-directory /home/bah/LineFollower_Sim2Real/build/linepreprocessor/build --no-deps symlink_data
[0.815s] INFO:colcon.colcon_core.shell:Creating environment hook '/home/bah/LineFollower_Sim2Real/build/linepreprocessor/share/linepreprocessor/hook/pythonpath_develop.ps1'
[0.815s] INFO:colcon.colcon_core.shell:Creating environment descriptor '/home/bah/LineFollower_Sim2Real/build/linepreprocessor/share/linepreprocessor/hook/pythonpath_develop.dsv'
[0.815s] INFO:colcon.colcon_core.shell:Creating environment hook '/home/bah/LineFollower_Sim2Real/build/linepreprocessor/share/linepreprocessor/hook/pythonpath_develop.sh'
[0.817s] Level 1:colcon.colcon_core.environment:checking '/home/bah/LineFollower_Sim2Real/install/linepreprocessor' for CMake module files
[0.817s] Level 1:colcon.colcon_core.environment:checking '/home/bah/LineFollower_Sim2Real/install/linepreprocessor' for CMake config files
[0.817s] Level 1:colcon.colcon_core.environment:checking '/home/bah/LineFollower_Sim2Real/install/linepreprocessor/lib'
[0.818s] Level 1:colcon.colcon_core.environment:checking '/home/bah/LineFollower_Sim2Real/install/linepreprocessor/bin'
[0.818s] Level 1:colcon.colcon_core.environment:checking '/home/bah/LineFollower_Sim2Real/install/linepreprocessor/lib/pkgconfig/linepreprocessor.pc'
[0.818s] Level 1:colcon.colcon_core.environment:checking '/home/bah/LineFollower_Sim2Real/install/linepreprocessor/lib/python3.10/site-packages'
[0.818s] Level 1:colcon.colcon_core.shell:create_environment_hook('linepreprocessor', 'pythonpath')
[0.818s] INFO:colcon.colcon_core.shell:Creating environment hook '/home/bah/LineFollower_Sim2Real/install/linepreprocessor/share/linepreprocessor/hook/pythonpath.ps1'
[0.818s] INFO:colcon.colcon_core.shell:Creating environment descriptor '/home/bah/LineFollower_Sim2Real/install/linepreprocessor/share/linepreprocessor/hook/pythonpath.dsv'
[0.818s] INFO:colcon.colcon_core.shell:Creating environment hook '/home/bah/LineFollower_Sim2Real/install/linepreprocessor/share/linepreprocessor/hook/pythonpath.sh'
[0.818s] Level 1:colcon.colcon_core.environment:checking '/home/bah/LineFollower_Sim2Real/install/linepreprocessor/bin'
[0.818s] Level 1:colcon.colcon_core.environment:create_environment_scripts_only(linepreprocessor)
[0.819s] INFO:colcon.colcon_core.shell:Creating package script '/home/bah/LineFollower_Sim2Real/install/linepreprocessor/share/linepreprocessor/package.ps1'
[0.819s] INFO:colcon.colcon_core.shell:Creating package descriptor '/home/bah/LineFollower_Sim2Real/install/linepreprocessor/share/linepreprocessor/package.dsv'
[0.819s] INFO:colcon.colcon_core.shell:Creating package script '/home/bah/LineFollower_Sim2Real/install/linepreprocessor/share/linepreprocessor/package.sh'
[0.819s] INFO:colcon.colcon_core.shell:Creating package script '/home/bah/LineFollower_Sim2Real/install/linepreprocessor/share/linepreprocessor/package.bash'
[0.820s] INFO:colcon.colcon_core.shell:Creating package script '/home/bah/LineFollower_Sim2Real/install/linepreprocessor/share/linepreprocessor/package.zsh'
[0.820s] Level 1:colcon.colcon_core.environment:create_file_with_runtime_dependencies(/home/bah/LineFollower_Sim2Real/install/linepreprocessor/share/colcon-core/packages/linepreprocessor)
[0.820s] DEBUG:colcon.colcon_parallel_executor.executor.parallel:closing loop
[0.820s] DEBUG:colcon.colcon_parallel_executor.executor.parallel:loop closed
[0.820s] DEBUG:colcon.colcon_parallel_executor.executor.parallel:run_until_complete finished with '0'
[0.820s] DEBUG:colcon.colcon_core.event_reactor:joining thread
[0.823s] INFO:colcon.colcon_core.plugin_system:Skipping extension 'colcon_notification.desktop_notification.terminal_notifier': Not used on non-Darwin systems
[0.823s] INFO:colcon.colcon_core.plugin_system:Skipping extension 'colcon_notification.desktop_notification.win32': Not used on non-Windows systems
[0.823s] INFO:colcon.colcon_notification.desktop_notification:Sending desktop notification using 'notify2'
[0.830s] DEBUG:colcon.colcon_core.event_reactor:joined thread
[0.830s] INFO:colcon.colcon_core.shell:Creating prefix script '/home/bah/LineFollower_Sim2Real/install/local_setup.ps1'
[0.831s] INFO:colcon.colcon_core.shell:Creating prefix util module '/home/bah/LineFollower_Sim2Real/install/_local_setup_util_ps1.py'
[0.831s] INFO:colcon.colcon_core.shell:Creating prefix chain script '/home/bah/LineFollower_Sim2Real/install/setup.ps1'
[0.832s] INFO:colcon.colcon_core.shell:Creating prefix script '/home/bah/LineFollower_Sim2Real/install/local_setup.sh'
[0.832s] INFO:colcon.colcon_core.shell:Creating prefix util module '/home/bah/LineFollower_Sim2Real/install/_local_setup_util_sh.py'
[0.832s] INFO:colcon.colcon_core.shell:Creating prefix chain script '/home/bah/LineFollower_Sim2Real/install/setup.sh'
[0.833s] INFO:colcon.colcon_core.shell:Creating prefix script '/home/bah/LineFollower_Sim2Real/install/local_setup.bash'
[0.833s] INFO:colcon.colcon_core.shell:Creating prefix chain script '/home/bah/LineFollower_Sim2Real/install/setup.bash'
[0.834s] INFO:colcon.colcon_core.shell:Creating prefix script '/home/bah/LineFollower_Sim2Real/install/local_setup.zsh'
[0.834s] INFO:colcon.colcon_core.shell:Creating prefix chain script '/home/bah/LineFollower_Sim2Real/install/setup.zsh'
