running develop
running egg_info
creating linepreprocessor.egg-info
writing linepreprocessor.egg-info/PKG-INFO
writing dependency_links to linepreprocessor.egg-info/dependency_links.txt
writing entry points to linepreprocessor.egg-info/entry_points.txt
writing requirements to linepreprocessor.egg-info/requires.txt
writing top-level names to linepreprocessor.egg-info/top_level.txt
writing manifest file 'linepreprocessor.egg-info/SOURCES.txt'
reading manifest file 'linepreprocessor.egg-info/SOURCES.txt'
writing manifest file 'linepreprocessor.egg-info/SOURCES.txt'
running build_ext
Creating /home/bah/LineFollower_Sim2Real/install/linepreprocessor/lib/python3.10/site-packages/linepreprocessor.egg-link (link to .)
Installing line_center_finder script to /home/bah/LineFollower_Sim2Real/install/linepreprocessor/lib/linepreprocessor

Installed /home/bah/LineFollower_Sim2Real/build/linepreprocessor
running symlink_data
creating /home/bah/LineFollower_Sim2Real/install/linepreprocessor/share/ament_index
creating /home/bah/LineFollower_Sim2Real/install/linepreprocessor/share/ament_index/resource_index
creating /home/bah/LineFollower_Sim2Real/install/linepreprocessor/share/ament_index/resource_index/packages
symbolically linking /home/bah/LineFollower_Sim2Real/build/linepreprocessor/resource/linepreprocessor -> /home/bah/LineFollower_Sim2Real/install/linepreprocessor/share/ament_index/resource_index/packages
symbolically linking /home/bah/LineFollower_Sim2Real/build/linepreprocessor/package.xml -> /home/bah/LineFollower_Sim2Real/install/linepreprocessor/share/linepreprocessor
