[0.328s] Invoking command in '/home/bah/LineFollower_Sim2Real/build/linepreprocessor': PYTHONPATH=/home/bah/LineFollower_Sim2Real/build/linepreprocessor/prefix_override:/usr/lib/python3/dist-packages/colcon_core/task/python/colcon_distutils_commands:/home/bah/LineFollower_Sim2Real/install/linepreprocessor/lib/python3.10/site-packages:${PYTHONPATH} /usr/bin/python3 -W ignore:setup.py install is deprecated -W ignore:easy_install command is deprecated setup.py develop --editable --build-directory /home/bah/LineFollower_Sim2Real/build/linepreprocessor/build --no-deps symlink_data
[0.495s] running develop
[0.573s] running egg_info
[0.573s] creating linepreprocessor.egg-info
[0.573s] writing linepreprocessor.egg-info/PKG-INFO
[0.574s] writing dependency_links to linepreprocessor.egg-info/dependency_links.txt
[0.574s] writing entry points to linepreprocessor.egg-info/entry_points.txt
[0.574s] writing requirements to linepreprocessor.egg-info/requires.txt
[0.574s] writing top-level names to linepreprocessor.egg-info/top_level.txt
[0.574s] writing manifest file 'linepreprocessor.egg-info/SOURCES.txt'
[0.575s] reading manifest file 'linepreprocessor.egg-info/SOURCES.txt'
[0.575s] writing manifest file 'linepreprocessor.egg-info/SOURCES.txt'
[0.576s] running build_ext
[0.576s] Creating /home/bah/LineFollower_Sim2Real/install/linepreprocessor/lib/python3.10/site-packages/linepreprocessor.egg-link (link to .)
[0.576s] Installing line_center_finder script to /home/bah/LineFollower_Sim2Real/install/linepreprocessor/lib/linepreprocessor
[0.577s] 
[0.577s] Installed /home/bah/LineFollower_Sim2Real/build/linepreprocessor
[0.577s] running symlink_data
[0.577s] creating /home/bah/LineFollower_Sim2Real/install/linepreprocessor/share/ament_index
[0.577s] creating /home/bah/LineFollower_Sim2Real/install/linepreprocessor/share/ament_index/resource_index
[0.577s] creating /home/bah/LineFollower_Sim2Real/install/linepreprocessor/share/ament_index/resource_index/packages
[0.577s] symbolically linking /home/bah/LineFollower_Sim2Real/build/linepreprocessor/resource/linepreprocessor -> /home/bah/LineFollower_Sim2Real/install/linepreprocessor/share/ament_index/resource_index/packages
[0.577s] symbolically linking /home/bah/LineFollower_Sim2Real/build/linepreprocessor/package.xml -> /home/bah/LineFollower_Sim2Real/install/linepreprocessor/share/linepreprocessor
[0.590s] Invoked command in '/home/bah/LineFollower_Sim2Real/build/linepreprocessor' returned '0': PYTHONPATH=/home/bah/LineFollower_Sim2Real/build/linepreprocessor/prefix_override:/usr/lib/python3/dist-packages/colcon_core/task/python/colcon_distutils_commands:/home/bah/LineFollower_Sim2Real/install/linepreprocessor/lib/python3.10/site-packages:${PYTHONPATH} /usr/bin/python3 -W ignore:setup.py install is deprecated -W ignore:easy_install command is deprecated setup.py develop --editable --build-directory /home/bah/LineFollower_Sim2Real/build/linepreprocessor/build --no-deps symlink_data
