[0.048s] DEBUG:colcon:Command line arguments: ['/usr/bin/colcon', 'build']
[0.048s] DEBUG:colcon:Parsed command line arguments: Namespace(log_base=None, log_level=None, verb_name='build', build_base='build', install_base='install', merge_install=False, symlink_install=False, test_result_base=None, continue_on_error=False, executor='parallel', parallel_workers=32, event_handlers=None, ignore_user_meta=False, metas=['./colcon.meta'], base_paths=['.'], packages_ignore=None, packages_ignore_regex=None, paths=None, packages_up_to=None, packages_up_to_regex=None, packages_above=None, packages_above_and_dependencies=None, packages_above_depth=None, packages_select_by_dep=None, packages_skip_by_dep=None, packages_skip_up_to=None, packages_select_build_failed=False, packages_skip_build_finished=False, packages_select_test_failures=False, packages_skip_test_passed=False, packages_select=None, packages_skip=None, packages_select_regex=None, packages_skip_regex=None, packages_start=None, packages_end=None, allow_overriding=[], cmake_args=None, cmake_target=None, cmake_target_skip_unavailable=False, cmake_clean_cache=False, cmake_clean_first=False, cmake_force_configure=False, ament_cmake_args=None, catkin_cmake_args=None, catkin_skip_building_tests=False, mixin_files=None, mixin=None, verb_parser=<colcon_mixin.mixin.mixin_argument.MixinArgumentDecorator object at 0x71c1cb0259f0>, verb_extension=<colcon_core.verb.build.BuildVerb object at 0x71c1cb025030>, main=<bound method BuildVerb.main of <colcon_core.verb.build.BuildVerb object at 0x71c1cb025030>>, mixin_verb=('build',))
[0.109s] Level 1:colcon.colcon_core.package_discovery:discover_packages(colcon_meta) check parameters
[0.109s] Level 1:colcon.colcon_core.package_discovery:discover_packages(recursive) check parameters
[0.109s] Level 1:colcon.colcon_core.package_discovery:discover_packages(ignore) check parameters
[0.109s] Level 1:colcon.colcon_core.package_discovery:discover_packages(path) check parameters
[0.109s] Level 1:colcon.colcon_core.package_discovery:discover_packages(colcon_meta) discover
[0.109s] Level 1:colcon.colcon_core.package_discovery:discover_packages(recursive) discover
[0.109s] INFO:colcon.colcon_core.package_discovery:Crawling recursively for packages in '/home/bah/LineFollower_Sim2Real'
[0.109s] Level 1:colcon.colcon_core.package_identification:_identify(.) by extensions ['ignore', 'ignore_ament_install']
[0.110s] Level 1:colcon.colcon_core.package_identification:_identify(.) by extension 'ignore'
[0.110s] Level 1:colcon.colcon_core.package_identification:_identify(.) by extension 'ignore_ament_install'
[0.110s] Level 1:colcon.colcon_core.package_identification:_identify(.) by extensions ['colcon_pkg']
[0.110s] Level 1:colcon.colcon_core.package_identification:_identify(.) by extension 'colcon_pkg'
[0.110s] Level 1:colcon.colcon_core.package_identification:_identify(.) by extensions ['colcon_meta']
[0.110s] Level 1:colcon.colcon_core.package_identification:_identify(.) by extension 'colcon_meta'
[0.110s] Level 1:colcon.colcon_core.package_identification:_identify(.) by extensions ['ros']
[0.110s] Level 1:colcon.colcon_core.package_identification:_identify(.) by extension 'ros'
[0.114s] Level 1:colcon.colcon_core.package_identification:_identify(.) by extensions ['cmake', 'python']
[0.114s] Level 1:colcon.colcon_core.package_identification:_identify(.) by extension 'cmake'
[0.114s] Level 1:colcon.colcon_core.package_identification:_identify(.) by extension 'python'
[0.114s] Level 1:colcon.colcon_core.package_identification:_identify(.) by extensions ['python_setup_py']
[0.114s] Level 1:colcon.colcon_core.package_identification:_identify(.) by extension 'python_setup_py'
[0.114s] Level 1:colcon.colcon_core.package_identification:_identify(ActionGraphs) by extensions ['ignore', 'ignore_ament_install']
[0.114s] Level 1:colcon.colcon_core.package_identification:_identify(ActionGraphs) by extension 'ignore'
[0.114s] Level 1:colcon.colcon_core.package_identification:_identify(ActionGraphs) by extension 'ignore_ament_install'
[0.115s] Level 1:colcon.colcon_core.package_identification:_identify(ActionGraphs) by extensions ['colcon_pkg']
[0.115s] Level 1:colcon.colcon_core.package_identification:_identify(ActionGraphs) by extension 'colcon_pkg'
[0.115s] Level 1:colcon.colcon_core.package_identification:_identify(ActionGraphs) by extensions ['colcon_meta']
[0.115s] Level 1:colcon.colcon_core.package_identification:_identify(ActionGraphs) by extension 'colcon_meta'
[0.115s] Level 1:colcon.colcon_core.package_identification:_identify(ActionGraphs) by extensions ['ros']
[0.115s] Level 1:colcon.colcon_core.package_identification:_identify(ActionGraphs) by extension 'ros'
[0.115s] Level 1:colcon.colcon_core.package_identification:_identify(ActionGraphs) by extensions ['cmake', 'python']
[0.115s] Level 1:colcon.colcon_core.package_identification:_identify(ActionGraphs) by extension 'cmake'
[0.115s] Level 1:colcon.colcon_core.package_identification:_identify(ActionGraphs) by extension 'python'
[0.115s] Level 1:colcon.colcon_core.package_identification:_identify(ActionGraphs) by extensions ['python_setup_py']
[0.115s] Level 1:colcon.colcon_core.package_identification:_identify(ActionGraphs) by extension 'python_setup_py'
[0.115s] Level 1:colcon.colcon_core.package_identification:_identify(build) by extensions ['ignore', 'ignore_ament_install']
[0.115s] Level 1:colcon.colcon_core.package_identification:_identify(build) by extension 'ignore'
[0.115s] Level 1:colcon.colcon_core.package_identification:_identify(build) ignored
[0.115s] Level 1:colcon.colcon_core.package_identification:_identify(install) by extensions ['ignore', 'ignore_ament_install']
[0.115s] Level 1:colcon.colcon_core.package_identification:_identify(install) by extension 'ignore'
[0.115s] Level 1:colcon.colcon_core.package_identification:_identify(install) ignored
[0.115s] Level 1:colcon.colcon_core.package_identification:_identify(log) by extensions ['ignore', 'ignore_ament_install']
[0.115s] Level 1:colcon.colcon_core.package_identification:_identify(log) by extension 'ignore'
[0.115s] Level 1:colcon.colcon_core.package_identification:_identify(log) ignored
[0.115s] Level 1:colcon.colcon_core.package_identification:_identify(src) by extensions ['ignore', 'ignore_ament_install']
[0.115s] Level 1:colcon.colcon_core.package_identification:_identify(src) by extension 'ignore'
[0.115s] Level 1:colcon.colcon_core.package_identification:_identify(src) by extension 'ignore_ament_install'
[0.115s] Level 1:colcon.colcon_core.package_identification:_identify(src) by extensions ['colcon_pkg']
[0.115s] Level 1:colcon.colcon_core.package_identification:_identify(src) by extension 'colcon_pkg'
[0.115s] Level 1:colcon.colcon_core.package_identification:_identify(src) by extensions ['colcon_meta']
[0.115s] Level 1:colcon.colcon_core.package_identification:_identify(src) by extension 'colcon_meta'
[0.115s] Level 1:colcon.colcon_core.package_identification:_identify(src) by extensions ['ros']
[0.115s] Level 1:colcon.colcon_core.package_identification:_identify(src) by extension 'ros'
[0.115s] Level 1:colcon.colcon_core.package_identification:_identify(src) by extensions ['cmake', 'python']
[0.115s] Level 1:colcon.colcon_core.package_identification:_identify(src) by extension 'cmake'
[0.115s] Level 1:colcon.colcon_core.package_identification:_identify(src) by extension 'python'
[0.115s] Level 1:colcon.colcon_core.package_identification:_identify(src) by extensions ['python_setup_py']
[0.115s] Level 1:colcon.colcon_core.package_identification:_identify(src) by extension 'python_setup_py'
[0.115s] Level 1:colcon.colcon_core.package_identification:_identify(src/linepreprocessor) by extensions ['ignore', 'ignore_ament_install']
[0.115s] Level 1:colcon.colcon_core.package_identification:_identify(src/linepreprocessor) by extension 'ignore'
[0.115s] Level 1:colcon.colcon_core.package_identification:_identify(src/linepreprocessor) by extension 'ignore_ament_install'
[0.115s] Level 1:colcon.colcon_core.package_identification:_identify(src/linepreprocessor) by extensions ['colcon_pkg']
[0.115s] Level 1:colcon.colcon_core.package_identification:_identify(src/linepreprocessor) by extension 'colcon_pkg'
[0.115s] Level 1:colcon.colcon_core.package_identification:_identify(src/linepreprocessor) by extensions ['colcon_meta']
[0.115s] Level 1:colcon.colcon_core.package_identification:_identify(src/linepreprocessor) by extension 'colcon_meta'
[0.115s] Level 1:colcon.colcon_core.package_identification:_identify(src/linepreprocessor) by extensions ['ros']
[0.115s] Level 1:colcon.colcon_core.package_identification:_identify(src/linepreprocessor) by extension 'ros'
[0.116s] DEBUG:colcon.colcon_core.package_identification:Package 'src/linepreprocessor' with type 'ros.ament_python' and name 'LinePreProcessor'
[0.116s] Level 1:colcon.colcon_core.package_identification:_identify(stages) by extensions ['ignore', 'ignore_ament_install']
[0.116s] Level 1:colcon.colcon_core.package_identification:_identify(stages) by extension 'ignore'
[0.116s] Level 1:colcon.colcon_core.package_identification:_identify(stages) by extension 'ignore_ament_install'
[0.116s] Level 1:colcon.colcon_core.package_identification:_identify(stages) by extensions ['colcon_pkg']
[0.116s] Level 1:colcon.colcon_core.package_identification:_identify(stages) by extension 'colcon_pkg'
[0.117s] Level 1:colcon.colcon_core.package_identification:_identify(stages) by extensions ['colcon_meta']
[0.117s] Level 1:colcon.colcon_core.package_identification:_identify(stages) by extension 'colcon_meta'
[0.117s] Level 1:colcon.colcon_core.package_identification:_identify(stages) by extensions ['ros']
[0.117s] Level 1:colcon.colcon_core.package_identification:_identify(stages) by extension 'ros'
[0.117s] Level 1:colcon.colcon_core.package_identification:_identify(stages) by extensions ['cmake', 'python']
[0.117s] Level 1:colcon.colcon_core.package_identification:_identify(stages) by extension 'cmake'
[0.117s] Level 1:colcon.colcon_core.package_identification:_identify(stages) by extension 'python'
[0.117s] Level 1:colcon.colcon_core.package_identification:_identify(stages) by extensions ['python_setup_py']
[0.117s] Level 1:colcon.colcon_core.package_identification:_identify(stages) by extension 'python_setup_py'
[0.117s] Level 1:colcon.colcon_core.package_identification:_identify(stages/StraightLine_Stage) by extensions ['ignore', 'ignore_ament_install']
[0.117s] Level 1:colcon.colcon_core.package_identification:_identify(stages/StraightLine_Stage) by extension 'ignore'
[0.117s] Level 1:colcon.colcon_core.package_identification:_identify(stages/StraightLine_Stage) by extension 'ignore_ament_install'
[0.117s] Level 1:colcon.colcon_core.package_identification:_identify(stages/StraightLine_Stage) by extensions ['colcon_pkg']
[0.117s] Level 1:colcon.colcon_core.package_identification:_identify(stages/StraightLine_Stage) by extension 'colcon_pkg'
[0.117s] Level 1:colcon.colcon_core.package_identification:_identify(stages/StraightLine_Stage) by extensions ['colcon_meta']
[0.117s] Level 1:colcon.colcon_core.package_identification:_identify(stages/StraightLine_Stage) by extension 'colcon_meta'
[0.117s] Level 1:colcon.colcon_core.package_identification:_identify(stages/StraightLine_Stage) by extensions ['ros']
[0.117s] Level 1:colcon.colcon_core.package_identification:_identify(stages/StraightLine_Stage) by extension 'ros'
[0.117s] Level 1:colcon.colcon_core.package_identification:_identify(stages/StraightLine_Stage) by extensions ['cmake', 'python']
[0.117s] Level 1:colcon.colcon_core.package_identification:_identify(stages/StraightLine_Stage) by extension 'cmake'
[0.117s] Level 1:colcon.colcon_core.package_identification:_identify(stages/StraightLine_Stage) by extension 'python'
[0.117s] Level 1:colcon.colcon_core.package_identification:_identify(stages/StraightLine_Stage) by extensions ['python_setup_py']
[0.117s] Level 1:colcon.colcon_core.package_identification:_identify(stages/StraightLine_Stage) by extension 'python_setup_py'
[0.117s] Level 1:colcon.colcon_core.package_identification:_identify(stages/StraightLine_Stage/StraightLine_URDF) by extensions ['ignore', 'ignore_ament_install']
[0.117s] Level 1:colcon.colcon_core.package_identification:_identify(stages/StraightLine_Stage/StraightLine_URDF) by extension 'ignore'
[0.117s] Level 1:colcon.colcon_core.package_identification:_identify(stages/StraightLine_Stage/StraightLine_URDF) by extension 'ignore_ament_install'
[0.117s] Level 1:colcon.colcon_core.package_identification:_identify(stages/StraightLine_Stage/StraightLine_URDF) by extensions ['colcon_pkg']
[0.117s] Level 1:colcon.colcon_core.package_identification:_identify(stages/StraightLine_Stage/StraightLine_URDF) by extension 'colcon_pkg'
[0.117s] Level 1:colcon.colcon_core.package_identification:_identify(stages/StraightLine_Stage/StraightLine_URDF) by extensions ['colcon_meta']
[0.117s] Level 1:colcon.colcon_core.package_identification:_identify(stages/StraightLine_Stage/StraightLine_URDF) by extension 'colcon_meta'
[0.117s] Level 1:colcon.colcon_core.package_identification:_identify(stages/StraightLine_Stage/StraightLine_URDF) by extensions ['ros']
[0.117s] Level 1:colcon.colcon_core.package_identification:_identify(stages/StraightLine_Stage/StraightLine_URDF) by extension 'ros'
[0.117s] Level 1:colcon.colcon_core.package_identification:_identify(stages/StraightLine_Stage/StraightLine_URDF) by extensions ['cmake', 'python']
[0.117s] Level 1:colcon.colcon_core.package_identification:_identify(stages/StraightLine_Stage/StraightLine_URDF) by extension 'cmake'
[0.117s] Level 1:colcon.colcon_core.package_identification:_identify(stages/StraightLine_Stage/StraightLine_URDF) by extension 'python'
[0.117s] Level 1:colcon.colcon_core.package_identification:_identify(stages/StraightLine_Stage/StraightLine_URDF) by extensions ['python_setup_py']
[0.117s] Level 1:colcon.colcon_core.package_identification:_identify(stages/StraightLine_Stage/StraightLine_URDF) by extension 'python_setup_py'
[0.117s] Level 1:colcon.colcon_core.package_identification:_identify(stages/StraightLine_Stage/StraightLine_URDF/straight_line_stage) by extensions ['ignore', 'ignore_ament_install']
[0.117s] Level 1:colcon.colcon_core.package_identification:_identify(stages/StraightLine_Stage/StraightLine_URDF/straight_line_stage) by extension 'ignore'
[0.117s] Level 1:colcon.colcon_core.package_identification:_identify(stages/StraightLine_Stage/StraightLine_URDF/straight_line_stage) by extension 'ignore_ament_install'
[0.117s] Level 1:colcon.colcon_core.package_identification:_identify(stages/StraightLine_Stage/StraightLine_URDF/straight_line_stage) by extensions ['colcon_pkg']
[0.117s] Level 1:colcon.colcon_core.package_identification:_identify(stages/StraightLine_Stage/StraightLine_URDF/straight_line_stage) by extension 'colcon_pkg'
[0.117s] Level 1:colcon.colcon_core.package_identification:_identify(stages/StraightLine_Stage/StraightLine_URDF/straight_line_stage) by extensions ['colcon_meta']
[0.117s] Level 1:colcon.colcon_core.package_identification:_identify(stages/StraightLine_Stage/StraightLine_URDF/straight_line_stage) by extension 'colcon_meta'
[0.117s] Level 1:colcon.colcon_core.package_identification:_identify(stages/StraightLine_Stage/StraightLine_URDF/straight_line_stage) by extensions ['ros']
[0.117s] Level 1:colcon.colcon_core.package_identification:_identify(stages/StraightLine_Stage/StraightLine_URDF/straight_line_stage) by extension 'ros'
[0.117s] Level 1:colcon.colcon_core.package_identification:_identify(stages/StraightLine_Stage/StraightLine_URDF/straight_line_stage) by extensions ['cmake', 'python']
[0.117s] Level 1:colcon.colcon_core.package_identification:_identify(stages/StraightLine_Stage/StraightLine_URDF/straight_line_stage) by extension 'cmake'
[0.117s] Level 1:colcon.colcon_core.package_identification:_identify(stages/StraightLine_Stage/StraightLine_URDF/straight_line_stage) by extension 'python'
[0.117s] Level 1:colcon.colcon_core.package_identification:_identify(stages/StraightLine_Stage/StraightLine_URDF/straight_line_stage) by extensions ['python_setup_py']
[0.117s] Level 1:colcon.colcon_core.package_identification:_identify(stages/StraightLine_Stage/StraightLine_URDF/straight_line_stage) by extension 'python_setup_py'
[0.117s] Level 1:colcon.colcon_core.package_identification:_identify(stages/StraightLine_Stage/StraightLine_URDF/straight_line_stage/configuration) by extensions ['ignore', 'ignore_ament_install']
[0.117s] Level 1:colcon.colcon_core.package_identification:_identify(stages/StraightLine_Stage/StraightLine_URDF/straight_line_stage/configuration) by extension 'ignore'
[0.117s] Level 1:colcon.colcon_core.package_identification:_identify(stages/StraightLine_Stage/StraightLine_URDF/straight_line_stage/configuration) by extension 'ignore_ament_install'
[0.117s] Level 1:colcon.colcon_core.package_identification:_identify(stages/StraightLine_Stage/StraightLine_URDF/straight_line_stage/configuration) by extensions ['colcon_pkg']
[0.117s] Level 1:colcon.colcon_core.package_identification:_identify(stages/StraightLine_Stage/StraightLine_URDF/straight_line_stage/configuration) by extension 'colcon_pkg'
[0.117s] Level 1:colcon.colcon_core.package_identification:_identify(stages/StraightLine_Stage/StraightLine_URDF/straight_line_stage/configuration) by extensions ['colcon_meta']
[0.118s] Level 1:colcon.colcon_core.package_identification:_identify(stages/StraightLine_Stage/StraightLine_URDF/straight_line_stage/configuration) by extension 'colcon_meta'
[0.118s] Level 1:colcon.colcon_core.package_identification:_identify(stages/StraightLine_Stage/StraightLine_URDF/straight_line_stage/configuration) by extensions ['ros']
[0.118s] Level 1:colcon.colcon_core.package_identification:_identify(stages/StraightLine_Stage/StraightLine_URDF/straight_line_stage/configuration) by extension 'ros'
[0.118s] Level 1:colcon.colcon_core.package_identification:_identify(stages/StraightLine_Stage/StraightLine_URDF/straight_line_stage/configuration) by extensions ['cmake', 'python']
[0.118s] Level 1:colcon.colcon_core.package_identification:_identify(stages/StraightLine_Stage/StraightLine_URDF/straight_line_stage/configuration) by extension 'cmake'
[0.118s] Level 1:colcon.colcon_core.package_identification:_identify(stages/StraightLine_Stage/StraightLine_URDF/straight_line_stage/configuration) by extension 'python'
[0.118s] Level 1:colcon.colcon_core.package_identification:_identify(stages/StraightLine_Stage/StraightLine_URDF/straight_line_stage/configuration) by extensions ['python_setup_py']
[0.118s] Level 1:colcon.colcon_core.package_identification:_identify(stages/StraightLine_Stage/StraightLine_URDF/straight_line_stage/configuration) by extension 'python_setup_py'
[0.118s] Level 1:colcon.colcon_core.package_identification:_identify(stages/StraightLine_Stage/straight_line_stage) by extensions ['ignore', 'ignore_ament_install']
[0.118s] Level 1:colcon.colcon_core.package_identification:_identify(stages/StraightLine_Stage/straight_line_stage) by extension 'ignore'
[0.118s] Level 1:colcon.colcon_core.package_identification:_identify(stages/StraightLine_Stage/straight_line_stage) by extension 'ignore_ament_install'
[0.118s] Level 1:colcon.colcon_core.package_identification:_identify(stages/StraightLine_Stage/straight_line_stage) by extensions ['colcon_pkg']
[0.118s] Level 1:colcon.colcon_core.package_identification:_identify(stages/StraightLine_Stage/straight_line_stage) by extension 'colcon_pkg'
[0.118s] Level 1:colcon.colcon_core.package_identification:_identify(stages/StraightLine_Stage/straight_line_stage) by extensions ['colcon_meta']
[0.118s] Level 1:colcon.colcon_core.package_identification:_identify(stages/StraightLine_Stage/straight_line_stage) by extension 'colcon_meta'
[0.118s] Level 1:colcon.colcon_core.package_identification:_identify(stages/StraightLine_Stage/straight_line_stage) by extensions ['ros']
[0.118s] Level 1:colcon.colcon_core.package_identification:_identify(stages/StraightLine_Stage/straight_line_stage) by extension 'ros'
[0.118s] Level 1:colcon.colcon_core.package_identification:_identify(stages/StraightLine_Stage/straight_line_stage) by extensions ['cmake', 'python']
[0.118s] Level 1:colcon.colcon_core.package_identification:_identify(stages/StraightLine_Stage/straight_line_stage) by extension 'cmake'
[0.118s] Level 1:colcon.colcon_core.package_identification:_identify(stages/StraightLine_Stage/straight_line_stage) by extension 'python'
[0.118s] Level 1:colcon.colcon_core.package_identification:_identify(stages/StraightLine_Stage/straight_line_stage) by extensions ['python_setup_py']
[0.118s] Level 1:colcon.colcon_core.package_identification:_identify(stages/StraightLine_Stage/straight_line_stage) by extension 'python_setup_py'
[0.118s] Level 1:colcon.colcon_core.package_identification:_identify(stages/StraightLine_Stage/straight_line_stage/configuration) by extensions ['ignore', 'ignore_ament_install']
[0.118s] Level 1:colcon.colcon_core.package_identification:_identify(stages/StraightLine_Stage/straight_line_stage/configuration) by extension 'ignore'
[0.118s] Level 1:colcon.colcon_core.package_identification:_identify(stages/StraightLine_Stage/straight_line_stage/configuration) by extension 'ignore_ament_install'
[0.118s] Level 1:colcon.colcon_core.package_identification:_identify(stages/StraightLine_Stage/straight_line_stage/configuration) by extensions ['colcon_pkg']
[0.118s] Level 1:colcon.colcon_core.package_identification:_identify(stages/StraightLine_Stage/straight_line_stage/configuration) by extension 'colcon_pkg'
[0.118s] Level 1:colcon.colcon_core.package_identification:_identify(stages/StraightLine_Stage/straight_line_stage/configuration) by extensions ['colcon_meta']
[0.118s] Level 1:colcon.colcon_core.package_identification:_identify(stages/StraightLine_Stage/straight_line_stage/configuration) by extension 'colcon_meta'
[0.118s] Level 1:colcon.colcon_core.package_identification:_identify(stages/StraightLine_Stage/straight_line_stage/configuration) by extensions ['ros']
[0.118s] Level 1:colcon.colcon_core.package_identification:_identify(stages/StraightLine_Stage/straight_line_stage/configuration) by extension 'ros'
[0.118s] Level 1:colcon.colcon_core.package_identification:_identify(stages/StraightLine_Stage/straight_line_stage/configuration) by extensions ['cmake', 'python']
[0.118s] Level 1:colcon.colcon_core.package_identification:_identify(stages/StraightLine_Stage/straight_line_stage/configuration) by extension 'cmake'
[0.118s] Level 1:colcon.colcon_core.package_identification:_identify(stages/StraightLine_Stage/straight_line_stage/configuration) by extension 'python'
[0.118s] Level 1:colcon.colcon_core.package_identification:_identify(stages/StraightLine_Stage/straight_line_stage/configuration) by extensions ['python_setup_py']
[0.118s] Level 1:colcon.colcon_core.package_identification:_identify(stages/StraightLine_Stage/straight_line_stage/configuration) by extension 'python_setup_py'
[0.118s] Level 1:colcon.colcon_core.package_identification:_identify(stages/StraightLine_Stage/straight_line_stage/configuration/materials) by extensions ['ignore', 'ignore_ament_install']
[0.118s] Level 1:colcon.colcon_core.package_identification:_identify(stages/StraightLine_Stage/straight_line_stage/configuration/materials) by extension 'ignore'
[0.118s] Level 1:colcon.colcon_core.package_identification:_identify(stages/StraightLine_Stage/straight_line_stage/configuration/materials) by extension 'ignore_ament_install'
[0.118s] Level 1:colcon.colcon_core.package_identification:_identify(stages/StraightLine_Stage/straight_line_stage/configuration/materials) by extensions ['colcon_pkg']
[0.118s] Level 1:colcon.colcon_core.package_identification:_identify(stages/StraightLine_Stage/straight_line_stage/configuration/materials) by extension 'colcon_pkg'
[0.118s] Level 1:colcon.colcon_core.package_identification:_identify(stages/StraightLine_Stage/straight_line_stage/configuration/materials) by extensions ['colcon_meta']
[0.118s] Level 1:colcon.colcon_core.package_identification:_identify(stages/StraightLine_Stage/straight_line_stage/configuration/materials) by extension 'colcon_meta'
[0.118s] Level 1:colcon.colcon_core.package_identification:_identify(stages/StraightLine_Stage/straight_line_stage/configuration/materials) by extensions ['ros']
[0.118s] Level 1:colcon.colcon_core.package_identification:_identify(stages/StraightLine_Stage/straight_line_stage/configuration/materials) by extension 'ros'
[0.118s] Level 1:colcon.colcon_core.package_identification:_identify(stages/StraightLine_Stage/straight_line_stage/configuration/materials) by extensions ['cmake', 'python']
[0.118s] Level 1:colcon.colcon_core.package_identification:_identify(stages/StraightLine_Stage/straight_line_stage/configuration/materials) by extension 'cmake'
[0.118s] Level 1:colcon.colcon_core.package_identification:_identify(stages/StraightLine_Stage/straight_line_stage/configuration/materials) by extension 'python'
[0.118s] Level 1:colcon.colcon_core.package_identification:_identify(stages/StraightLine_Stage/straight_line_stage/configuration/materials) by extensions ['python_setup_py']
[0.118s] Level 1:colcon.colcon_core.package_identification:_identify(stages/StraightLine_Stage/straight_line_stage/configuration/materials) by extension 'python_setup_py'
[0.118s] Level 1:colcon.colcon_core.package_identification:_identify(stages/StraightLine_Stage/straight_line_stage/configuration/materials/textures) by extensions ['ignore', 'ignore_ament_install']
[0.118s] Level 1:colcon.colcon_core.package_identification:_identify(stages/StraightLine_Stage/straight_line_stage/configuration/materials/textures) by extension 'ignore'
[0.118s] Level 1:colcon.colcon_core.package_identification:_identify(stages/StraightLine_Stage/straight_line_stage/configuration/materials/textures) by extension 'ignore_ament_install'
[0.118s] Level 1:colcon.colcon_core.package_identification:_identify(stages/StraightLine_Stage/straight_line_stage/configuration/materials/textures) by extensions ['colcon_pkg']
[0.118s] Level 1:colcon.colcon_core.package_identification:_identify(stages/StraightLine_Stage/straight_line_stage/configuration/materials/textures) by extension 'colcon_pkg'
[0.118s] Level 1:colcon.colcon_core.package_identification:_identify(stages/StraightLine_Stage/straight_line_stage/configuration/materials/textures) by extensions ['colcon_meta']
[0.118s] Level 1:colcon.colcon_core.package_identification:_identify(stages/StraightLine_Stage/straight_line_stage/configuration/materials/textures) by extension 'colcon_meta'
[0.118s] Level 1:colcon.colcon_core.package_identification:_identify(stages/StraightLine_Stage/straight_line_stage/configuration/materials/textures) by extensions ['ros']
[0.118s] Level 1:colcon.colcon_core.package_identification:_identify(stages/StraightLine_Stage/straight_line_stage/configuration/materials/textures) by extension 'ros'
[0.119s] Level 1:colcon.colcon_core.package_identification:_identify(stages/StraightLine_Stage/straight_line_stage/configuration/materials/textures) by extensions ['cmake', 'python']
[0.119s] Level 1:colcon.colcon_core.package_identification:_identify(stages/StraightLine_Stage/straight_line_stage/configuration/materials/textures) by extension 'cmake'
[0.119s] Level 1:colcon.colcon_core.package_identification:_identify(stages/StraightLine_Stage/straight_line_stage/configuration/materials/textures) by extension 'python'
[0.119s] Level 1:colcon.colcon_core.package_identification:_identify(stages/StraightLine_Stage/straight_line_stage/configuration/materials/textures) by extensions ['python_setup_py']
[0.119s] Level 1:colcon.colcon_core.package_identification:_identify(stages/StraightLine_Stage/straight_line_stage/configuration/materials/textures) by extension 'python_setup_py'
[0.119s] Level 1:colcon.colcon_core.package_identification:_identify(stages/straight_line_stage) by extensions ['ignore', 'ignore_ament_install']
[0.119s] Level 1:colcon.colcon_core.package_identification:_identify(stages/straight_line_stage) by extension 'ignore'
[0.119s] Level 1:colcon.colcon_core.package_identification:_identify(stages/straight_line_stage) by extension 'ignore_ament_install'
[0.119s] Level 1:colcon.colcon_core.package_identification:_identify(stages/straight_line_stage) by extensions ['colcon_pkg']
[0.119s] Level 1:colcon.colcon_core.package_identification:_identify(stages/straight_line_stage) by extension 'colcon_pkg'
[0.119s] Level 1:colcon.colcon_core.package_identification:_identify(stages/straight_line_stage) by extensions ['colcon_meta']
[0.119s] Level 1:colcon.colcon_core.package_identification:_identify(stages/straight_line_stage) by extension 'colcon_meta'
[0.119s] Level 1:colcon.colcon_core.package_identification:_identify(stages/straight_line_stage) by extensions ['ros']
[0.119s] Level 1:colcon.colcon_core.package_identification:_identify(stages/straight_line_stage) by extension 'ros'
[0.119s] Level 1:colcon.colcon_core.package_identification:_identify(stages/straight_line_stage) by extensions ['cmake', 'python']
[0.119s] Level 1:colcon.colcon_core.package_identification:_identify(stages/straight_line_stage) by extension 'cmake'
[0.119s] Level 1:colcon.colcon_core.package_identification:_identify(stages/straight_line_stage) by extension 'python'
[0.119s] Level 1:colcon.colcon_core.package_identification:_identify(stages/straight_line_stage) by extensions ['python_setup_py']
[0.119s] Level 1:colcon.colcon_core.package_identification:_identify(stages/straight_line_stage) by extension 'python_setup_py'
[0.119s] Level 1:colcon.colcon_core.package_identification:_identify(stages/straight_line_stage/configuration) by extensions ['ignore', 'ignore_ament_install']
[0.119s] Level 1:colcon.colcon_core.package_identification:_identify(stages/straight_line_stage/configuration) by extension 'ignore'
[0.119s] Level 1:colcon.colcon_core.package_identification:_identify(stages/straight_line_stage/configuration) by extension 'ignore_ament_install'
[0.119s] Level 1:colcon.colcon_core.package_identification:_identify(stages/straight_line_stage/configuration) by extensions ['colcon_pkg']
[0.119s] Level 1:colcon.colcon_core.package_identification:_identify(stages/straight_line_stage/configuration) by extension 'colcon_pkg'
[0.119s] Level 1:colcon.colcon_core.package_identification:_identify(stages/straight_line_stage/configuration) by extensions ['colcon_meta']
[0.119s] Level 1:colcon.colcon_core.package_identification:_identify(stages/straight_line_stage/configuration) by extension 'colcon_meta'
[0.119s] Level 1:colcon.colcon_core.package_identification:_identify(stages/straight_line_stage/configuration) by extensions ['ros']
[0.119s] Level 1:colcon.colcon_core.package_identification:_identify(stages/straight_line_stage/configuration) by extension 'ros'
[0.119s] Level 1:colcon.colcon_core.package_identification:_identify(stages/straight_line_stage/configuration) by extensions ['cmake', 'python']
[0.119s] Level 1:colcon.colcon_core.package_identification:_identify(stages/straight_line_stage/configuration) by extension 'cmake'
[0.119s] Level 1:colcon.colcon_core.package_identification:_identify(stages/straight_line_stage/configuration) by extension 'python'
[0.119s] Level 1:colcon.colcon_core.package_identification:_identify(stages/straight_line_stage/configuration) by extensions ['python_setup_py']
[0.119s] Level 1:colcon.colcon_core.package_identification:_identify(stages/straight_line_stage/configuration) by extension 'python_setup_py'
[0.119s] Level 1:colcon.colcon_core.package_identification:_identify(stages/straight_line_stage/configuration/materials) by extensions ['ignore', 'ignore_ament_install']
[0.119s] Level 1:colcon.colcon_core.package_identification:_identify(stages/straight_line_stage/configuration/materials) by extension 'ignore'
[0.119s] Level 1:colcon.colcon_core.package_identification:_identify(stages/straight_line_stage/configuration/materials) by extension 'ignore_ament_install'
[0.119s] Level 1:colcon.colcon_core.package_identification:_identify(stages/straight_line_stage/configuration/materials) by extensions ['colcon_pkg']
[0.119s] Level 1:colcon.colcon_core.package_identification:_identify(stages/straight_line_stage/configuration/materials) by extension 'colcon_pkg'
[0.119s] Level 1:colcon.colcon_core.package_identification:_identify(stages/straight_line_stage/configuration/materials) by extensions ['colcon_meta']
[0.119s] Level 1:colcon.colcon_core.package_identification:_identify(stages/straight_line_stage/configuration/materials) by extension 'colcon_meta'
[0.119s] Level 1:colcon.colcon_core.package_identification:_identify(stages/straight_line_stage/configuration/materials) by extensions ['ros']
[0.119s] Level 1:colcon.colcon_core.package_identification:_identify(stages/straight_line_stage/configuration/materials) by extension 'ros'
[0.119s] Level 1:colcon.colcon_core.package_identification:_identify(stages/straight_line_stage/configuration/materials) by extensions ['cmake', 'python']
[0.119s] Level 1:colcon.colcon_core.package_identification:_identify(stages/straight_line_stage/configuration/materials) by extension 'cmake'
[0.119s] Level 1:colcon.colcon_core.package_identification:_identify(stages/straight_line_stage/configuration/materials) by extension 'python'
[0.119s] Level 1:colcon.colcon_core.package_identification:_identify(stages/straight_line_stage/configuration/materials) by extensions ['python_setup_py']
[0.119s] Level 1:colcon.colcon_core.package_identification:_identify(stages/straight_line_stage/configuration/materials) by extension 'python_setup_py'
[0.119s] Level 1:colcon.colcon_core.package_identification:_identify(stages/straight_line_stage/configuration/materials/textures) by extensions ['ignore', 'ignore_ament_install']
[0.119s] Level 1:colcon.colcon_core.package_identification:_identify(stages/straight_line_stage/configuration/materials/textures) by extension 'ignore'
[0.119s] Level 1:colcon.colcon_core.package_identification:_identify(stages/straight_line_stage/configuration/materials/textures) by extension 'ignore_ament_install'
[0.119s] Level 1:colcon.colcon_core.package_identification:_identify(stages/straight_line_stage/configuration/materials/textures) by extensions ['colcon_pkg']
[0.119s] Level 1:colcon.colcon_core.package_identification:_identify(stages/straight_line_stage/configuration/materials/textures) by extension 'colcon_pkg'
[0.119s] Level 1:colcon.colcon_core.package_identification:_identify(stages/straight_line_stage/configuration/materials/textures) by extensions ['colcon_meta']
[0.119s] Level 1:colcon.colcon_core.package_identification:_identify(stages/straight_line_stage/configuration/materials/textures) by extension 'colcon_meta'
[0.119s] Level 1:colcon.colcon_core.package_identification:_identify(stages/straight_line_stage/configuration/materials/textures) by extensions ['ros']
[0.119s] Level 1:colcon.colcon_core.package_identification:_identify(stages/straight_line_stage/configuration/materials/textures) by extension 'ros'
[0.119s] Level 1:colcon.colcon_core.package_identification:_identify(stages/straight_line_stage/configuration/materials/textures) by extensions ['cmake', 'python']
[0.119s] Level 1:colcon.colcon_core.package_identification:_identify(stages/straight_line_stage/configuration/materials/textures) by extension 'cmake'
[0.119s] Level 1:colcon.colcon_core.package_identification:_identify(stages/straight_line_stage/configuration/materials/textures) by extension 'python'
[0.120s] Level 1:colcon.colcon_core.package_identification:_identify(stages/straight_line_stage/configuration/materials/textures) by extensions ['python_setup_py']
[0.120s] Level 1:colcon.colcon_core.package_identification:_identify(stages/straight_line_stage/configuration/materials/textures) by extension 'python_setup_py'
[0.120s] Level 1:colcon.colcon_core.package_identification:_identify(straight_line_stage) by extensions ['ignore', 'ignore_ament_install']
[0.120s] Level 1:colcon.colcon_core.package_identification:_identify(straight_line_stage) by extension 'ignore'
[0.120s] Level 1:colcon.colcon_core.package_identification:_identify(straight_line_stage) by extension 'ignore_ament_install'
[0.120s] Level 1:colcon.colcon_core.package_identification:_identify(straight_line_stage) by extensions ['colcon_pkg']
[0.120s] Level 1:colcon.colcon_core.package_identification:_identify(straight_line_stage) by extension 'colcon_pkg'
[0.120s] Level 1:colcon.colcon_core.package_identification:_identify(straight_line_stage) by extensions ['colcon_meta']
[0.120s] Level 1:colcon.colcon_core.package_identification:_identify(straight_line_stage) by extension 'colcon_meta'
[0.120s] Level 1:colcon.colcon_core.package_identification:_identify(straight_line_stage) by extensions ['ros']
[0.120s] Level 1:colcon.colcon_core.package_identification:_identify(straight_line_stage) by extension 'ros'
[0.120s] Level 1:colcon.colcon_core.package_identification:_identify(straight_line_stage) by extensions ['cmake', 'python']
[0.120s] Level 1:colcon.colcon_core.package_identification:_identify(straight_line_stage) by extension 'cmake'
[0.120s] Level 1:colcon.colcon_core.package_identification:_identify(straight_line_stage) by extension 'python'
[0.120s] Level 1:colcon.colcon_core.package_identification:_identify(straight_line_stage) by extensions ['python_setup_py']
[0.120s] Level 1:colcon.colcon_core.package_identification:_identify(straight_line_stage) by extension 'python_setup_py'
[0.120s] Level 1:colcon.colcon_core.package_identification:_identify(straight_line_stage/configuration) by extensions ['ignore', 'ignore_ament_install']
[0.120s] Level 1:colcon.colcon_core.package_identification:_identify(straight_line_stage/configuration) by extension 'ignore'
[0.120s] Level 1:colcon.colcon_core.package_identification:_identify(straight_line_stage/configuration) by extension 'ignore_ament_install'
[0.120s] Level 1:colcon.colcon_core.package_identification:_identify(straight_line_stage/configuration) by extensions ['colcon_pkg']
[0.120s] Level 1:colcon.colcon_core.package_identification:_identify(straight_line_stage/configuration) by extension 'colcon_pkg'
[0.120s] Level 1:colcon.colcon_core.package_identification:_identify(straight_line_stage/configuration) by extensions ['colcon_meta']
[0.120s] Level 1:colcon.colcon_core.package_identification:_identify(straight_line_stage/configuration) by extension 'colcon_meta'
[0.120s] Level 1:colcon.colcon_core.package_identification:_identify(straight_line_stage/configuration) by extensions ['ros']
[0.120s] Level 1:colcon.colcon_core.package_identification:_identify(straight_line_stage/configuration) by extension 'ros'
[0.120s] Level 1:colcon.colcon_core.package_identification:_identify(straight_line_stage/configuration) by extensions ['cmake', 'python']
[0.120s] Level 1:colcon.colcon_core.package_identification:_identify(straight_line_stage/configuration) by extension 'cmake'
[0.120s] Level 1:colcon.colcon_core.package_identification:_identify(straight_line_stage/configuration) by extension 'python'
[0.120s] Level 1:colcon.colcon_core.package_identification:_identify(straight_line_stage/configuration) by extensions ['python_setup_py']
[0.120s] Level 1:colcon.colcon_core.package_identification:_identify(straight_line_stage/configuration) by extension 'python_setup_py'
[0.120s] Level 1:colcon.colcon_core.package_discovery:discover_packages(recursive) using defaults
[0.120s] Level 1:colcon.colcon_core.package_discovery:discover_packages(ignore) discover
[0.120s] Level 1:colcon.colcon_core.package_discovery:discover_packages(ignore) using defaults
[0.120s] Level 1:colcon.colcon_core.package_discovery:discover_packages(path) discover
[0.120s] Level 1:colcon.colcon_core.package_discovery:discover_packages(path) using defaults
[0.132s] Level 1:colcon.colcon_core.package_discovery:discover_packages(prefix_path) check parameters
[0.132s] Level 1:colcon.colcon_core.package_discovery:discover_packages(prefix_path) discover
[0.133s] DEBUG:colcon.colcon_installed_package_information.package_discovery:Found 1 installed packages in /home/bah/LineFollower_Sim2Real/install
[0.133s] DEBUG:colcon.colcon_installed_package_information.package_discovery:Found 297 installed packages in /opt/ros/humble
[0.134s] Level 1:colcon.colcon_core.package_discovery:discover_packages(prefix_path) using defaults
[0.150s] Level 5:colcon.colcon_core.verb:set package 'LinePreProcessor' build argument 'cmake_args' from command line to 'None'
[0.150s] Level 5:colcon.colcon_core.verb:set package 'LinePreProcessor' build argument 'cmake_target' from command line to 'None'
[0.150s] Level 5:colcon.colcon_core.verb:set package 'LinePreProcessor' build argument 'cmake_target_skip_unavailable' from command line to 'False'
[0.150s] Level 5:colcon.colcon_core.verb:set package 'LinePreProcessor' build argument 'cmake_clean_cache' from command line to 'False'
[0.150s] Level 5:colcon.colcon_core.verb:set package 'LinePreProcessor' build argument 'cmake_clean_first' from command line to 'False'
[0.150s] Level 5:colcon.colcon_core.verb:set package 'LinePreProcessor' build argument 'cmake_force_configure' from command line to 'False'
[0.150s] Level 5:colcon.colcon_core.verb:set package 'LinePreProcessor' build argument 'ament_cmake_args' from command line to 'None'
[0.150s] Level 5:colcon.colcon_core.verb:set package 'LinePreProcessor' build argument 'catkin_cmake_args' from command line to 'None'
[0.150s] Level 5:colcon.colcon_core.verb:set package 'LinePreProcessor' build argument 'catkin_skip_building_tests' from command line to 'False'
[0.150s] DEBUG:colcon.colcon_core.verb:Building package 'LinePreProcessor' with the following arguments: {'ament_cmake_args': None, 'build_base': '/home/bah/LineFollower_Sim2Real/build/LinePreProcessor', 'catkin_cmake_args': None, 'catkin_skip_building_tests': False, 'cmake_args': None, 'cmake_clean_cache': False, 'cmake_clean_first': False, 'cmake_force_configure': False, 'cmake_target': None, 'cmake_target_skip_unavailable': False, 'install_base': '/home/bah/LineFollower_Sim2Real/install/LinePreProcessor', 'merge_install': False, 'path': '/home/bah/LineFollower_Sim2Real/src/linepreprocessor', 'symlink_install': False, 'test_result_base': None}
[0.150s] INFO:colcon.colcon_core.executor:Executing jobs using 'parallel' executor
[0.150s] DEBUG:colcon.colcon_parallel_executor.executor.parallel:run_until_complete
[0.151s] INFO:colcon.colcon_ros.task.ament_python.build:Building ROS package in '/home/bah/LineFollower_Sim2Real/src/linepreprocessor' with build type 'ament_python'
[0.151s] Level 1:colcon.colcon_core.shell:create_environment_hook('LinePreProcessor', 'ament_prefix_path')
[0.152s] INFO:colcon.colcon_core.plugin_system:Skipping extension 'colcon_core.shell.bat': Not used on non-Windows systems
[0.152s] INFO:colcon.colcon_core.shell:Creating environment hook '/home/bah/LineFollower_Sim2Real/install/LinePreProcessor/share/LinePreProcessor/hook/ament_prefix_path.ps1'
[0.152s] INFO:colcon.colcon_core.shell:Creating environment descriptor '/home/bah/LineFollower_Sim2Real/install/LinePreProcessor/share/LinePreProcessor/hook/ament_prefix_path.dsv'
[0.152s] INFO:colcon.colcon_core.shell:Creating environment hook '/home/bah/LineFollower_Sim2Real/install/LinePreProcessor/share/LinePreProcessor/hook/ament_prefix_path.sh'
[0.152s] INFO:colcon.colcon_core.shell:Skip shell extension 'powershell' for command environment: Not usable outside of PowerShell
[0.152s] DEBUG:colcon.colcon_core.shell:Skip shell extension 'dsv' for command environment
[0.252s] INFO:colcon.colcon_core.task.python.build:Building Python package in '/home/bah/LineFollower_Sim2Real/src/linepreprocessor'
[0.252s] INFO:colcon.colcon_core.shell:Skip shell extension 'powershell' for command environment: Not usable outside of PowerShell
[0.252s] DEBUG:colcon.colcon_core.shell:Skip shell extension 'dsv' for command environment
[0.381s] DEBUG:colcon.colcon_core.event_handler.log_command:Invoking command in '/home/bah/LineFollower_Sim2Real/src/linepreprocessor': PYTHONPATH=/home/bah/LineFollower_Sim2Real/build/LinePreProcessor/prefix_override:/usr/lib/python3/dist-packages/colcon_core/task/python/colcon_distutils_commands:/home/bah/LineFollower_Sim2Real/install/LinePreProcessor/lib/python3.10/site-packages:${PYTHONPATH} /usr/bin/python3 -W ignore:setup.py install is deprecated -W ignore:easy_install command is deprecated setup.py egg_info --egg-base ../../build/LinePreProcessor build --build-base /home/bah/LineFollower_Sim2Real/build/LinePreProcessor/build install --record /home/bah/LineFollower_Sim2Real/build/LinePreProcessor/install.log --single-version-externally-managed install_data
[0.494s] DEBUG:colcon.colcon_core.event_handler.log_command:Invoked command in '/home/bah/LineFollower_Sim2Real/src/linepreprocessor' returned '0': PYTHONPATH=/home/bah/LineFollower_Sim2Real/build/LinePreProcessor/prefix_override:/usr/lib/python3/dist-packages/colcon_core/task/python/colcon_distutils_commands:/home/bah/LineFollower_Sim2Real/install/LinePreProcessor/lib/python3.10/site-packages:${PYTHONPATH} /usr/bin/python3 -W ignore:setup.py install is deprecated -W ignore:easy_install command is deprecated setup.py egg_info --egg-base ../../build/LinePreProcessor build --build-base /home/bah/LineFollower_Sim2Real/build/LinePreProcessor/build install --record /home/bah/LineFollower_Sim2Real/build/LinePreProcessor/install.log --single-version-externally-managed install_data
[0.495s] Level 1:colcon.colcon_core.environment:checking '/home/bah/LineFollower_Sim2Real/install/LinePreProcessor' for CMake module files
[0.495s] Level 1:colcon.colcon_core.environment:checking '/home/bah/LineFollower_Sim2Real/install/LinePreProcessor' for CMake config files
[0.495s] Level 1:colcon.colcon_core.environment:checking '/home/bah/LineFollower_Sim2Real/install/LinePreProcessor/lib'
[0.495s] Level 1:colcon.colcon_core.environment:checking '/home/bah/LineFollower_Sim2Real/install/LinePreProcessor/bin'
[0.495s] Level 1:colcon.colcon_core.environment:checking '/home/bah/LineFollower_Sim2Real/install/LinePreProcessor/lib/pkgconfig/LinePreProcessor.pc'
[0.495s] Level 1:colcon.colcon_core.environment:checking '/home/bah/LineFollower_Sim2Real/install/LinePreProcessor/lib/python3.10/site-packages'
[0.495s] Level 1:colcon.colcon_core.shell:create_environment_hook('LinePreProcessor', 'pythonpath')
[0.496s] INFO:colcon.colcon_core.shell:Creating environment hook '/home/bah/LineFollower_Sim2Real/install/LinePreProcessor/share/LinePreProcessor/hook/pythonpath.ps1'
[0.496s] INFO:colcon.colcon_core.shell:Creating environment descriptor '/home/bah/LineFollower_Sim2Real/install/LinePreProcessor/share/LinePreProcessor/hook/pythonpath.dsv'
[0.496s] INFO:colcon.colcon_core.shell:Creating environment hook '/home/bah/LineFollower_Sim2Real/install/LinePreProcessor/share/LinePreProcessor/hook/pythonpath.sh'
[0.496s] Level 1:colcon.colcon_core.environment:checking '/home/bah/LineFollower_Sim2Real/install/LinePreProcessor/bin'
[0.496s] Level 1:colcon.colcon_core.environment:create_environment_scripts_only(LinePreProcessor)
[0.496s] INFO:colcon.colcon_core.shell:Creating package script '/home/bah/LineFollower_Sim2Real/install/LinePreProcessor/share/LinePreProcessor/package.ps1'
[0.497s] INFO:colcon.colcon_core.shell:Creating package descriptor '/home/bah/LineFollower_Sim2Real/install/LinePreProcessor/share/LinePreProcessor/package.dsv'
[0.497s] INFO:colcon.colcon_core.shell:Creating package script '/home/bah/LineFollower_Sim2Real/install/LinePreProcessor/share/LinePreProcessor/package.sh'
[0.497s] INFO:colcon.colcon_core.shell:Creating package script '/home/bah/LineFollower_Sim2Real/install/LinePreProcessor/share/LinePreProcessor/package.bash'
[0.497s] INFO:colcon.colcon_core.shell:Creating package script '/home/bah/LineFollower_Sim2Real/install/LinePreProcessor/share/LinePreProcessor/package.zsh'
[0.498s] Level 1:colcon.colcon_core.environment:create_file_with_runtime_dependencies(/home/bah/LineFollower_Sim2Real/install/LinePreProcessor/share/colcon-core/packages/LinePreProcessor)
[0.498s] DEBUG:colcon.colcon_parallel_executor.executor.parallel:closing loop
[0.498s] DEBUG:colcon.colcon_parallel_executor.executor.parallel:loop closed
[0.498s] DEBUG:colcon.colcon_parallel_executor.executor.parallel:run_until_complete finished with '0'
[0.498s] DEBUG:colcon.colcon_core.event_reactor:joining thread
[0.500s] INFO:colcon.colcon_core.plugin_system:Skipping extension 'colcon_notification.desktop_notification.terminal_notifier': Not used on non-Darwin systems
[0.500s] INFO:colcon.colcon_core.plugin_system:Skipping extension 'colcon_notification.desktop_notification.win32': Not used on non-Windows systems
[0.500s] INFO:colcon.colcon_notification.desktop_notification:Sending desktop notification using 'notify2'
[0.505s] DEBUG:colcon.colcon_core.event_reactor:joined thread
[0.505s] INFO:colcon.colcon_core.shell:Creating prefix script '/home/bah/LineFollower_Sim2Real/install/local_setup.ps1'
[0.506s] INFO:colcon.colcon_core.shell:Creating prefix util module '/home/bah/LineFollower_Sim2Real/install/_local_setup_util_ps1.py'
[0.506s] INFO:colcon.colcon_core.shell:Creating prefix chain script '/home/bah/LineFollower_Sim2Real/install/setup.ps1'
[0.507s] INFO:colcon.colcon_core.shell:Creating prefix script '/home/bah/LineFollower_Sim2Real/install/local_setup.sh'
[0.507s] INFO:colcon.colcon_core.shell:Creating prefix util module '/home/bah/LineFollower_Sim2Real/install/_local_setup_util_sh.py'
[0.507s] INFO:colcon.colcon_core.shell:Creating prefix chain script '/home/bah/LineFollower_Sim2Real/install/setup.sh'
[0.507s] INFO:colcon.colcon_core.shell:Creating prefix script '/home/bah/LineFollower_Sim2Real/install/local_setup.bash'
[0.508s] INFO:colcon.colcon_core.shell:Creating prefix chain script '/home/bah/LineFollower_Sim2Real/install/setup.bash'
[0.508s] INFO:colcon.colcon_core.shell:Creating prefix script '/home/bah/LineFollower_Sim2Real/install/local_setup.zsh'
[0.508s] INFO:colcon.colcon_core.shell:Creating prefix chain script '/home/bah/LineFollower_Sim2Real/install/setup.zsh'
