[0.048s] DEBUG:colcon:Command line arguments: ['/usr/bin/colcon', 'list', '-p', '--base-paths', '/home/bah/LineFollower_Sim2Real']
[0.048s] DEBUG:colcon:Parsed command line arguments: Namespace(log_base=None, log_level=None, verb_name='list', build_base='build', ignore_user_meta=False, metas=['./colcon.meta'], base_paths=['/home/bah/LineFollower_Sim2Real'], packages_ignore=None, packages_ignore_regex=None, paths=None, packages_up_to=None, packages_up_to_regex=None, packages_above=None, packages_above_and_dependencies=None, packages_above_depth=None, packages_select_by_dep=None, packages_skip_by_dep=None, packages_skip_up_to=None, packages_select_build_failed=False, packages_skip_build_finished=False, packages_select_test_failures=False, packages_skip_test_passed=False, packages_select=None, packages_skip=None, packages_select_regex=None, packages_skip_regex=None, packages_start=None, packages_end=None, allow_overriding=[], topological_order=False, names_only=False, paths_only=True, topological_graph=False, topological_graph_dot=False, topological_graph_density=False, topological_graph_legend=False, topological_graph_dot_cluster=False, topological_graph_dot_include_skipped=False, mixin_files=None, mixin=None, verb_parser=<colcon_mixin.mixin.mixin_argument.MixinArgumentDecorator object at 0x76f0144f6c80>, verb_extension=<colcon_package_information.verb.list.ListVerb object at 0x76f0144f5c60>, main=<bound method ListVerb.main of <colcon_package_information.verb.list.ListVerb object at 0x76f0144f5c60>>, mixin_verb=('list',))
[0.117s] Level 1:colcon.colcon_core.package_discovery:discover_packages(colcon_meta) check parameters
[0.117s] Level 1:colcon.colcon_core.package_discovery:discover_packages(recursive) check parameters
[0.117s] Level 1:colcon.colcon_core.package_discovery:discover_packages(ignore) check parameters
[0.117s] Level 1:colcon.colcon_core.package_discovery:discover_packages(path) check parameters
[0.117s] Level 1:colcon.colcon_core.package_discovery:discover_packages(recursive) discover
[0.117s] INFO:colcon.colcon_core.package_discovery:Crawling recursively for packages in '/home/bah/LineFollower_Sim2Real'
[0.118s] Level 1:colcon.colcon_core.package_identification:_identify(/home/bah/LineFollower_Sim2Real) by extensions ['ignore', 'ignore_ament_install']
[0.118s] Level 1:colcon.colcon_core.package_identification:_identify(/home/bah/LineFollower_Sim2Real) by extension 'ignore'
[0.118s] Level 1:colcon.colcon_core.package_identification:_identify(/home/bah/LineFollower_Sim2Real) by extension 'ignore_ament_install'
[0.118s] Level 1:colcon.colcon_core.package_identification:_identify(/home/bah/LineFollower_Sim2Real) by extensions ['colcon_pkg']
[0.118s] Level 1:colcon.colcon_core.package_identification:_identify(/home/bah/LineFollower_Sim2Real) by extension 'colcon_pkg'
[0.118s] Level 1:colcon.colcon_core.package_identification:_identify(/home/bah/LineFollower_Sim2Real) by extensions ['colcon_meta']
[0.118s] Level 1:colcon.colcon_core.package_identification:_identify(/home/bah/LineFollower_Sim2Real) by extension 'colcon_meta'
[0.118s] Level 1:colcon.colcon_core.package_identification:_identify(/home/bah/LineFollower_Sim2Real) by extensions ['ros']
[0.118s] Level 1:colcon.colcon_core.package_identification:_identify(/home/bah/LineFollower_Sim2Real) by extension 'ros'
[0.123s] Level 1:colcon.colcon_core.package_identification:_identify(/home/bah/LineFollower_Sim2Real) by extensions ['cmake', 'python']
[0.123s] Level 1:colcon.colcon_core.package_identification:_identify(/home/bah/LineFollower_Sim2Real) by extension 'cmake'
[0.123s] Level 1:colcon.colcon_core.package_identification:_identify(/home/bah/LineFollower_Sim2Real) by extension 'python'
[0.123s] Level 1:colcon.colcon_core.package_identification:_identify(/home/bah/LineFollower_Sim2Real) by extensions ['python_setup_py']
[0.123s] Level 1:colcon.colcon_core.package_identification:_identify(/home/bah/LineFollower_Sim2Real) by extension 'python_setup_py'
[0.123s] Level 1:colcon.colcon_core.package_identification:_identify(/home/bah/LineFollower_Sim2Real/ActionGraphs) by extensions ['ignore', 'ignore_ament_install']
[0.123s] Level 1:colcon.colcon_core.package_identification:_identify(/home/bah/LineFollower_Sim2Real/ActionGraphs) by extension 'ignore'
[0.123s] Level 1:colcon.colcon_core.package_identification:_identify(/home/bah/LineFollower_Sim2Real/ActionGraphs) by extension 'ignore_ament_install'
[0.123s] Level 1:colcon.colcon_core.package_identification:_identify(/home/bah/LineFollower_Sim2Real/ActionGraphs) by extensions ['colcon_pkg']
[0.123s] Level 1:colcon.colcon_core.package_identification:_identify(/home/bah/LineFollower_Sim2Real/ActionGraphs) by extension 'colcon_pkg'
[0.124s] Level 1:colcon.colcon_core.package_identification:_identify(/home/bah/LineFollower_Sim2Real/ActionGraphs) by extensions ['colcon_meta']
[0.124s] Level 1:colcon.colcon_core.package_identification:_identify(/home/bah/LineFollower_Sim2Real/ActionGraphs) by extension 'colcon_meta'
[0.124s] Level 1:colcon.colcon_core.package_identification:_identify(/home/bah/LineFollower_Sim2Real/ActionGraphs) by extensions ['ros']
[0.124s] Level 1:colcon.colcon_core.package_identification:_identify(/home/bah/LineFollower_Sim2Real/ActionGraphs) by extension 'ros'
[0.124s] Level 1:colcon.colcon_core.package_identification:_identify(/home/bah/LineFollower_Sim2Real/ActionGraphs) by extensions ['cmake', 'python']
[0.124s] Level 1:colcon.colcon_core.package_identification:_identify(/home/bah/LineFollower_Sim2Real/ActionGraphs) by extension 'cmake'
[0.124s] Level 1:colcon.colcon_core.package_identification:_identify(/home/bah/LineFollower_Sim2Real/ActionGraphs) by extension 'python'
[0.124s] Level 1:colcon.colcon_core.package_identification:_identify(/home/bah/LineFollower_Sim2Real/ActionGraphs) by extensions ['python_setup_py']
[0.124s] Level 1:colcon.colcon_core.package_identification:_identify(/home/bah/LineFollower_Sim2Real/ActionGraphs) by extension 'python_setup_py'
[0.124s] Level 1:colcon.colcon_core.package_identification:_identify(/home/bah/LineFollower_Sim2Real/build) by extensions ['ignore', 'ignore_ament_install']
[0.124s] Level 1:colcon.colcon_core.package_identification:_identify(/home/bah/LineFollower_Sim2Real/build) by extension 'ignore'
[0.124s] Level 1:colcon.colcon_core.package_identification:_identify(/home/bah/LineFollower_Sim2Real/build) ignored
[0.124s] Level 1:colcon.colcon_core.package_identification:_identify(/home/bah/LineFollower_Sim2Real/install) by extensions ['ignore', 'ignore_ament_install']
[0.124s] Level 1:colcon.colcon_core.package_identification:_identify(/home/bah/LineFollower_Sim2Real/install) by extension 'ignore'
[0.124s] Level 1:colcon.colcon_core.package_identification:_identify(/home/bah/LineFollower_Sim2Real/install) ignored
[0.124s] Level 1:colcon.colcon_core.package_identification:_identify(/home/bah/LineFollower_Sim2Real/log) by extensions ['ignore', 'ignore_ament_install']
[0.124s] Level 1:colcon.colcon_core.package_identification:_identify(/home/bah/LineFollower_Sim2Real/log) by extension 'ignore'
[0.124s] Level 1:colcon.colcon_core.package_identification:_identify(/home/bah/LineFollower_Sim2Real/log) ignored
[0.124s] Level 1:colcon.colcon_core.package_identification:_identify(/home/bah/LineFollower_Sim2Real/src) by extensions ['ignore', 'ignore_ament_install']
[0.124s] Level 1:colcon.colcon_core.package_identification:_identify(/home/bah/LineFollower_Sim2Real/src) by extension 'ignore'
[0.124s] Level 1:colcon.colcon_core.package_identification:_identify(/home/bah/LineFollower_Sim2Real/src) by extension 'ignore_ament_install'
[0.124s] Level 1:colcon.colcon_core.package_identification:_identify(/home/bah/LineFollower_Sim2Real/src) by extensions ['colcon_pkg']
[0.124s] Level 1:colcon.colcon_core.package_identification:_identify(/home/bah/LineFollower_Sim2Real/src) by extension 'colcon_pkg'
[0.124s] Level 1:colcon.colcon_core.package_identification:_identify(/home/bah/LineFollower_Sim2Real/src) by extensions ['colcon_meta']
[0.124s] Level 1:colcon.colcon_core.package_identification:_identify(/home/bah/LineFollower_Sim2Real/src) by extension 'colcon_meta'
[0.124s] Level 1:colcon.colcon_core.package_identification:_identify(/home/bah/LineFollower_Sim2Real/src) by extensions ['ros']
[0.124s] Level 1:colcon.colcon_core.package_identification:_identify(/home/bah/LineFollower_Sim2Real/src) by extension 'ros'
[0.124s] Level 1:colcon.colcon_core.package_identification:_identify(/home/bah/LineFollower_Sim2Real/src) by extensions ['cmake', 'python']
[0.124s] Level 1:colcon.colcon_core.package_identification:_identify(/home/bah/LineFollower_Sim2Real/src) by extension 'cmake'
[0.124s] Level 1:colcon.colcon_core.package_identification:_identify(/home/bah/LineFollower_Sim2Real/src) by extension 'python'
[0.124s] Level 1:colcon.colcon_core.package_identification:_identify(/home/bah/LineFollower_Sim2Real/src) by extensions ['python_setup_py']
[0.124s] Level 1:colcon.colcon_core.package_identification:_identify(/home/bah/LineFollower_Sim2Real/src) by extension 'python_setup_py'
[0.124s] Level 1:colcon.colcon_core.package_identification:_identify(/home/bah/LineFollower_Sim2Real/src/linepreprocessor) by extensions ['ignore', 'ignore_ament_install']
[0.124s] Level 1:colcon.colcon_core.package_identification:_identify(/home/bah/LineFollower_Sim2Real/src/linepreprocessor) by extension 'ignore'
[0.124s] Level 1:colcon.colcon_core.package_identification:_identify(/home/bah/LineFollower_Sim2Real/src/linepreprocessor) by extension 'ignore_ament_install'
[0.124s] Level 1:colcon.colcon_core.package_identification:_identify(/home/bah/LineFollower_Sim2Real/src/linepreprocessor) by extensions ['colcon_pkg']
[0.124s] Level 1:colcon.colcon_core.package_identification:_identify(/home/bah/LineFollower_Sim2Real/src/linepreprocessor) by extension 'colcon_pkg'
[0.124s] Level 1:colcon.colcon_core.package_identification:_identify(/home/bah/LineFollower_Sim2Real/src/linepreprocessor) by extensions ['colcon_meta']
[0.124s] Level 1:colcon.colcon_core.package_identification:_identify(/home/bah/LineFollower_Sim2Real/src/linepreprocessor) by extension 'colcon_meta'
[0.124s] Level 1:colcon.colcon_core.package_identification:_identify(/home/bah/LineFollower_Sim2Real/src/linepreprocessor) by extensions ['ros']
[0.124s] Level 1:colcon.colcon_core.package_identification:_identify(/home/bah/LineFollower_Sim2Real/src/linepreprocessor) by extension 'ros'
[0.125s] DEBUG:colcon.colcon_core.package_identification:Package '/home/bah/LineFollower_Sim2Real/src/linepreprocessor' with type 'ros.ament_python' and name 'LinePreProcessor'
[0.126s] Level 1:colcon.colcon_core.package_identification:_identify(/home/bah/LineFollower_Sim2Real/stages) by extensions ['ignore', 'ignore_ament_install']
[0.126s] Level 1:colcon.colcon_core.package_identification:_identify(/home/bah/LineFollower_Sim2Real/stages) by extension 'ignore'
[0.126s] Level 1:colcon.colcon_core.package_identification:_identify(/home/bah/LineFollower_Sim2Real/stages) by extension 'ignore_ament_install'
[0.126s] Level 1:colcon.colcon_core.package_identification:_identify(/home/bah/LineFollower_Sim2Real/stages) by extensions ['colcon_pkg']
[0.126s] Level 1:colcon.colcon_core.package_identification:_identify(/home/bah/LineFollower_Sim2Real/stages) by extension 'colcon_pkg'
[0.126s] Level 1:colcon.colcon_core.package_identification:_identify(/home/bah/LineFollower_Sim2Real/stages) by extensions ['colcon_meta']
[0.126s] Level 1:colcon.colcon_core.package_identification:_identify(/home/bah/LineFollower_Sim2Real/stages) by extension 'colcon_meta'
[0.126s] Level 1:colcon.colcon_core.package_identification:_identify(/home/bah/LineFollower_Sim2Real/stages) by extensions ['ros']
[0.126s] Level 1:colcon.colcon_core.package_identification:_identify(/home/bah/LineFollower_Sim2Real/stages) by extension 'ros'
[0.126s] Level 1:colcon.colcon_core.package_identification:_identify(/home/bah/LineFollower_Sim2Real/stages) by extensions ['cmake', 'python']
[0.126s] Level 1:colcon.colcon_core.package_identification:_identify(/home/bah/LineFollower_Sim2Real/stages) by extension 'cmake'
[0.126s] Level 1:colcon.colcon_core.package_identification:_identify(/home/bah/LineFollower_Sim2Real/stages) by extension 'python'
[0.126s] Level 1:colcon.colcon_core.package_identification:_identify(/home/bah/LineFollower_Sim2Real/stages) by extensions ['python_setup_py']
[0.126s] Level 1:colcon.colcon_core.package_identification:_identify(/home/bah/LineFollower_Sim2Real/stages) by extension 'python_setup_py'
[0.126s] Level 1:colcon.colcon_core.package_identification:_identify(/home/bah/LineFollower_Sim2Real/stages/StraightLine_Stage) by extensions ['ignore', 'ignore_ament_install']
[0.126s] Level 1:colcon.colcon_core.package_identification:_identify(/home/bah/LineFollower_Sim2Real/stages/StraightLine_Stage) by extension 'ignore'
[0.126s] Level 1:colcon.colcon_core.package_identification:_identify(/home/bah/LineFollower_Sim2Real/stages/StraightLine_Stage) by extension 'ignore_ament_install'
[0.126s] Level 1:colcon.colcon_core.package_identification:_identify(/home/bah/LineFollower_Sim2Real/stages/StraightLine_Stage) by extensions ['colcon_pkg']
[0.126s] Level 1:colcon.colcon_core.package_identification:_identify(/home/bah/LineFollower_Sim2Real/stages/StraightLine_Stage) by extension 'colcon_pkg'
[0.126s] Level 1:colcon.colcon_core.package_identification:_identify(/home/bah/LineFollower_Sim2Real/stages/StraightLine_Stage) by extensions ['colcon_meta']
[0.126s] Level 1:colcon.colcon_core.package_identification:_identify(/home/bah/LineFollower_Sim2Real/stages/StraightLine_Stage) by extension 'colcon_meta'
[0.126s] Level 1:colcon.colcon_core.package_identification:_identify(/home/bah/LineFollower_Sim2Real/stages/StraightLine_Stage) by extensions ['ros']
[0.126s] Level 1:colcon.colcon_core.package_identification:_identify(/home/bah/LineFollower_Sim2Real/stages/StraightLine_Stage) by extension 'ros'
[0.126s] Level 1:colcon.colcon_core.package_identification:_identify(/home/bah/LineFollower_Sim2Real/stages/StraightLine_Stage) by extensions ['cmake', 'python']
[0.126s] Level 1:colcon.colcon_core.package_identification:_identify(/home/bah/LineFollower_Sim2Real/stages/StraightLine_Stage) by extension 'cmake'
[0.126s] Level 1:colcon.colcon_core.package_identification:_identify(/home/bah/LineFollower_Sim2Real/stages/StraightLine_Stage) by extension 'python'
[0.126s] Level 1:colcon.colcon_core.package_identification:_identify(/home/bah/LineFollower_Sim2Real/stages/StraightLine_Stage) by extensions ['python_setup_py']
[0.126s] Level 1:colcon.colcon_core.package_identification:_identify(/home/bah/LineFollower_Sim2Real/stages/StraightLine_Stage) by extension 'python_setup_py'
[0.126s] Level 1:colcon.colcon_core.package_identification:_identify(/home/bah/LineFollower_Sim2Real/stages/StraightLine_Stage/StraightLine_URDF) by extensions ['ignore', 'ignore_ament_install']
[0.126s] Level 1:colcon.colcon_core.package_identification:_identify(/home/bah/LineFollower_Sim2Real/stages/StraightLine_Stage/StraightLine_URDF) by extension 'ignore'
[0.126s] Level 1:colcon.colcon_core.package_identification:_identify(/home/bah/LineFollower_Sim2Real/stages/StraightLine_Stage/StraightLine_URDF) by extension 'ignore_ament_install'
[0.126s] Level 1:colcon.colcon_core.package_identification:_identify(/home/bah/LineFollower_Sim2Real/stages/StraightLine_Stage/StraightLine_URDF) by extensions ['colcon_pkg']
[0.126s] Level 1:colcon.colcon_core.package_identification:_identify(/home/bah/LineFollower_Sim2Real/stages/StraightLine_Stage/StraightLine_URDF) by extension 'colcon_pkg'
[0.126s] Level 1:colcon.colcon_core.package_identification:_identify(/home/bah/LineFollower_Sim2Real/stages/StraightLine_Stage/StraightLine_URDF) by extensions ['colcon_meta']
[0.126s] Level 1:colcon.colcon_core.package_identification:_identify(/home/bah/LineFollower_Sim2Real/stages/StraightLine_Stage/StraightLine_URDF) by extension 'colcon_meta'
[0.126s] Level 1:colcon.colcon_core.package_identification:_identify(/home/bah/LineFollower_Sim2Real/stages/StraightLine_Stage/StraightLine_URDF) by extensions ['ros']
[0.126s] Level 1:colcon.colcon_core.package_identification:_identify(/home/bah/LineFollower_Sim2Real/stages/StraightLine_Stage/StraightLine_URDF) by extension 'ros'
[0.126s] Level 1:colcon.colcon_core.package_identification:_identify(/home/bah/LineFollower_Sim2Real/stages/StraightLine_Stage/StraightLine_URDF) by extensions ['cmake', 'python']
[0.126s] Level 1:colcon.colcon_core.package_identification:_identify(/home/bah/LineFollower_Sim2Real/stages/StraightLine_Stage/StraightLine_URDF) by extension 'cmake'
[0.126s] Level 1:colcon.colcon_core.package_identification:_identify(/home/bah/LineFollower_Sim2Real/stages/StraightLine_Stage/StraightLine_URDF) by extension 'python'
[0.126s] Level 1:colcon.colcon_core.package_identification:_identify(/home/bah/LineFollower_Sim2Real/stages/StraightLine_Stage/StraightLine_URDF) by extensions ['python_setup_py']
[0.126s] Level 1:colcon.colcon_core.package_identification:_identify(/home/bah/LineFollower_Sim2Real/stages/StraightLine_Stage/StraightLine_URDF) by extension 'python_setup_py'
[0.126s] Level 1:colcon.colcon_core.package_identification:_identify(/home/bah/LineFollower_Sim2Real/stages/StraightLine_Stage/StraightLine_URDF/straight_line_stage) by extensions ['ignore', 'ignore_ament_install']
[0.126s] Level 1:colcon.colcon_core.package_identification:_identify(/home/bah/LineFollower_Sim2Real/stages/StraightLine_Stage/StraightLine_URDF/straight_line_stage) by extension 'ignore'
[0.126s] Level 1:colcon.colcon_core.package_identification:_identify(/home/bah/LineFollower_Sim2Real/stages/StraightLine_Stage/StraightLine_URDF/straight_line_stage) by extension 'ignore_ament_install'
[0.126s] Level 1:colcon.colcon_core.package_identification:_identify(/home/bah/LineFollower_Sim2Real/stages/StraightLine_Stage/StraightLine_URDF/straight_line_stage) by extensions ['colcon_pkg']
[0.126s] Level 1:colcon.colcon_core.package_identification:_identify(/home/bah/LineFollower_Sim2Real/stages/StraightLine_Stage/StraightLine_URDF/straight_line_stage) by extension 'colcon_pkg'
[0.126s] Level 1:colcon.colcon_core.package_identification:_identify(/home/bah/LineFollower_Sim2Real/stages/StraightLine_Stage/StraightLine_URDF/straight_line_stage) by extensions ['colcon_meta']
[0.126s] Level 1:colcon.colcon_core.package_identification:_identify(/home/bah/LineFollower_Sim2Real/stages/StraightLine_Stage/StraightLine_URDF/straight_line_stage) by extension 'colcon_meta'
[0.127s] Level 1:colcon.colcon_core.package_identification:_identify(/home/bah/LineFollower_Sim2Real/stages/StraightLine_Stage/StraightLine_URDF/straight_line_stage) by extensions ['ros']
[0.127s] Level 1:colcon.colcon_core.package_identification:_identify(/home/bah/LineFollower_Sim2Real/stages/StraightLine_Stage/StraightLine_URDF/straight_line_stage) by extension 'ros'
[0.127s] Level 1:colcon.colcon_core.package_identification:_identify(/home/bah/LineFollower_Sim2Real/stages/StraightLine_Stage/StraightLine_URDF/straight_line_stage) by extensions ['cmake', 'python']
[0.127s] Level 1:colcon.colcon_core.package_identification:_identify(/home/bah/LineFollower_Sim2Real/stages/StraightLine_Stage/StraightLine_URDF/straight_line_stage) by extension 'cmake'
[0.127s] Level 1:colcon.colcon_core.package_identification:_identify(/home/bah/LineFollower_Sim2Real/stages/StraightLine_Stage/StraightLine_URDF/straight_line_stage) by extension 'python'
[0.127s] Level 1:colcon.colcon_core.package_identification:_identify(/home/bah/LineFollower_Sim2Real/stages/StraightLine_Stage/StraightLine_URDF/straight_line_stage) by extensions ['python_setup_py']
[0.127s] Level 1:colcon.colcon_core.package_identification:_identify(/home/bah/LineFollower_Sim2Real/stages/StraightLine_Stage/StraightLine_URDF/straight_line_stage) by extension 'python_setup_py'
[0.127s] Level 1:colcon.colcon_core.package_identification:_identify(/home/bah/LineFollower_Sim2Real/stages/StraightLine_Stage/StraightLine_URDF/straight_line_stage/configuration) by extensions ['ignore', 'ignore_ament_install']
[0.127s] Level 1:colcon.colcon_core.package_identification:_identify(/home/bah/LineFollower_Sim2Real/stages/StraightLine_Stage/StraightLine_URDF/straight_line_stage/configuration) by extension 'ignore'
[0.127s] Level 1:colcon.colcon_core.package_identification:_identify(/home/bah/LineFollower_Sim2Real/stages/StraightLine_Stage/StraightLine_URDF/straight_line_stage/configuration) by extension 'ignore_ament_install'
[0.127s] Level 1:colcon.colcon_core.package_identification:_identify(/home/bah/LineFollower_Sim2Real/stages/StraightLine_Stage/StraightLine_URDF/straight_line_stage/configuration) by extensions ['colcon_pkg']
[0.127s] Level 1:colcon.colcon_core.package_identification:_identify(/home/bah/LineFollower_Sim2Real/stages/StraightLine_Stage/StraightLine_URDF/straight_line_stage/configuration) by extension 'colcon_pkg'
[0.127s] Level 1:colcon.colcon_core.package_identification:_identify(/home/bah/LineFollower_Sim2Real/stages/StraightLine_Stage/StraightLine_URDF/straight_line_stage/configuration) by extensions ['colcon_meta']
[0.127s] Level 1:colcon.colcon_core.package_identification:_identify(/home/bah/LineFollower_Sim2Real/stages/StraightLine_Stage/StraightLine_URDF/straight_line_stage/configuration) by extension 'colcon_meta'
[0.127s] Level 1:colcon.colcon_core.package_identification:_identify(/home/bah/LineFollower_Sim2Real/stages/StraightLine_Stage/StraightLine_URDF/straight_line_stage/configuration) by extensions ['ros']
[0.127s] Level 1:colcon.colcon_core.package_identification:_identify(/home/bah/LineFollower_Sim2Real/stages/StraightLine_Stage/StraightLine_URDF/straight_line_stage/configuration) by extension 'ros'
[0.127s] Level 1:colcon.colcon_core.package_identification:_identify(/home/bah/LineFollower_Sim2Real/stages/StraightLine_Stage/StraightLine_URDF/straight_line_stage/configuration) by extensions ['cmake', 'python']
[0.127s] Level 1:colcon.colcon_core.package_identification:_identify(/home/bah/LineFollower_Sim2Real/stages/StraightLine_Stage/StraightLine_URDF/straight_line_stage/configuration) by extension 'cmake'
[0.127s] Level 1:colcon.colcon_core.package_identification:_identify(/home/bah/LineFollower_Sim2Real/stages/StraightLine_Stage/StraightLine_URDF/straight_line_stage/configuration) by extension 'python'
[0.127s] Level 1:colcon.colcon_core.package_identification:_identify(/home/bah/LineFollower_Sim2Real/stages/StraightLine_Stage/StraightLine_URDF/straight_line_stage/configuration) by extensions ['python_setup_py']
[0.127s] Level 1:colcon.colcon_core.package_identification:_identify(/home/bah/LineFollower_Sim2Real/stages/StraightLine_Stage/StraightLine_URDF/straight_line_stage/configuration) by extension 'python_setup_py'
[0.127s] Level 1:colcon.colcon_core.package_identification:_identify(/home/bah/LineFollower_Sim2Real/stages/StraightLine_Stage/straight_line_stage) by extensions ['ignore', 'ignore_ament_install']
[0.127s] Level 1:colcon.colcon_core.package_identification:_identify(/home/bah/LineFollower_Sim2Real/stages/StraightLine_Stage/straight_line_stage) by extension 'ignore'
[0.127s] Level 1:colcon.colcon_core.package_identification:_identify(/home/bah/LineFollower_Sim2Real/stages/StraightLine_Stage/straight_line_stage) by extension 'ignore_ament_install'
[0.127s] Level 1:colcon.colcon_core.package_identification:_identify(/home/bah/LineFollower_Sim2Real/stages/StraightLine_Stage/straight_line_stage) by extensions ['colcon_pkg']
[0.127s] Level 1:colcon.colcon_core.package_identification:_identify(/home/bah/LineFollower_Sim2Real/stages/StraightLine_Stage/straight_line_stage) by extension 'colcon_pkg'
[0.127s] Level 1:colcon.colcon_core.package_identification:_identify(/home/bah/LineFollower_Sim2Real/stages/StraightLine_Stage/straight_line_stage) by extensions ['colcon_meta']
[0.127s] Level 1:colcon.colcon_core.package_identification:_identify(/home/bah/LineFollower_Sim2Real/stages/StraightLine_Stage/straight_line_stage) by extension 'colcon_meta'
[0.127s] Level 1:colcon.colcon_core.package_identification:_identify(/home/bah/LineFollower_Sim2Real/stages/StraightLine_Stage/straight_line_stage) by extensions ['ros']
[0.127s] Level 1:colcon.colcon_core.package_identification:_identify(/home/bah/LineFollower_Sim2Real/stages/StraightLine_Stage/straight_line_stage) by extension 'ros'
[0.127s] Level 1:colcon.colcon_core.package_identification:_identify(/home/bah/LineFollower_Sim2Real/stages/StraightLine_Stage/straight_line_stage) by extensions ['cmake', 'python']
[0.127s] Level 1:colcon.colcon_core.package_identification:_identify(/home/bah/LineFollower_Sim2Real/stages/StraightLine_Stage/straight_line_stage) by extension 'cmake'
[0.127s] Level 1:colcon.colcon_core.package_identification:_identify(/home/bah/LineFollower_Sim2Real/stages/StraightLine_Stage/straight_line_stage) by extension 'python'
[0.127s] Level 1:colcon.colcon_core.package_identification:_identify(/home/bah/LineFollower_Sim2Real/stages/StraightLine_Stage/straight_line_stage) by extensions ['python_setup_py']
[0.127s] Level 1:colcon.colcon_core.package_identification:_identify(/home/bah/LineFollower_Sim2Real/stages/StraightLine_Stage/straight_line_stage) by extension 'python_setup_py'
[0.127s] Level 1:colcon.colcon_core.package_identification:_identify(/home/bah/LineFollower_Sim2Real/stages/StraightLine_Stage/straight_line_stage/configuration) by extensions ['ignore', 'ignore_ament_install']
[0.127s] Level 1:colcon.colcon_core.package_identification:_identify(/home/bah/LineFollower_Sim2Real/stages/StraightLine_Stage/straight_line_stage/configuration) by extension 'ignore'
[0.127s] Level 1:colcon.colcon_core.package_identification:_identify(/home/bah/LineFollower_Sim2Real/stages/StraightLine_Stage/straight_line_stage/configuration) by extension 'ignore_ament_install'
[0.127s] Level 1:colcon.colcon_core.package_identification:_identify(/home/bah/LineFollower_Sim2Real/stages/StraightLine_Stage/straight_line_stage/configuration) by extensions ['colcon_pkg']
[0.127s] Level 1:colcon.colcon_core.package_identification:_identify(/home/bah/LineFollower_Sim2Real/stages/StraightLine_Stage/straight_line_stage/configuration) by extension 'colcon_pkg'
[0.127s] Level 1:colcon.colcon_core.package_identification:_identify(/home/bah/LineFollower_Sim2Real/stages/StraightLine_Stage/straight_line_stage/configuration) by extensions ['colcon_meta']
[0.127s] Level 1:colcon.colcon_core.package_identification:_identify(/home/bah/LineFollower_Sim2Real/stages/StraightLine_Stage/straight_line_stage/configuration) by extension 'colcon_meta'
[0.127s] Level 1:colcon.colcon_core.package_identification:_identify(/home/bah/LineFollower_Sim2Real/stages/StraightLine_Stage/straight_line_stage/configuration) by extensions ['ros']
[0.127s] Level 1:colcon.colcon_core.package_identification:_identify(/home/bah/LineFollower_Sim2Real/stages/StraightLine_Stage/straight_line_stage/configuration) by extension 'ros'
[0.127s] Level 1:colcon.colcon_core.package_identification:_identify(/home/bah/LineFollower_Sim2Real/stages/StraightLine_Stage/straight_line_stage/configuration) by extensions ['cmake', 'python']
[0.127s] Level 1:colcon.colcon_core.package_identification:_identify(/home/bah/LineFollower_Sim2Real/stages/StraightLine_Stage/straight_line_stage/configuration) by extension 'cmake'
[0.127s] Level 1:colcon.colcon_core.package_identification:_identify(/home/bah/LineFollower_Sim2Real/stages/StraightLine_Stage/straight_line_stage/configuration) by extension 'python'
[0.127s] Level 1:colcon.colcon_core.package_identification:_identify(/home/bah/LineFollower_Sim2Real/stages/StraightLine_Stage/straight_line_stage/configuration) by extensions ['python_setup_py']
[0.127s] Level 1:colcon.colcon_core.package_identification:_identify(/home/bah/LineFollower_Sim2Real/stages/StraightLine_Stage/straight_line_stage/configuration) by extension 'python_setup_py'
[0.127s] Level 1:colcon.colcon_core.package_identification:_identify(/home/bah/LineFollower_Sim2Real/stages/StraightLine_Stage/straight_line_stage/configuration/materials) by extensions ['ignore', 'ignore_ament_install']
[0.127s] Level 1:colcon.colcon_core.package_identification:_identify(/home/bah/LineFollower_Sim2Real/stages/StraightLine_Stage/straight_line_stage/configuration/materials) by extension 'ignore'
[0.127s] Level 1:colcon.colcon_core.package_identification:_identify(/home/bah/LineFollower_Sim2Real/stages/StraightLine_Stage/straight_line_stage/configuration/materials) by extension 'ignore_ament_install'
[0.127s] Level 1:colcon.colcon_core.package_identification:_identify(/home/bah/LineFollower_Sim2Real/stages/StraightLine_Stage/straight_line_stage/configuration/materials) by extensions ['colcon_pkg']
[0.127s] Level 1:colcon.colcon_core.package_identification:_identify(/home/bah/LineFollower_Sim2Real/stages/StraightLine_Stage/straight_line_stage/configuration/materials) by extension 'colcon_pkg'
[0.128s] Level 1:colcon.colcon_core.package_identification:_identify(/home/bah/LineFollower_Sim2Real/stages/StraightLine_Stage/straight_line_stage/configuration/materials) by extensions ['colcon_meta']
[0.128s] Level 1:colcon.colcon_core.package_identification:_identify(/home/bah/LineFollower_Sim2Real/stages/StraightLine_Stage/straight_line_stage/configuration/materials) by extension 'colcon_meta'
[0.128s] Level 1:colcon.colcon_core.package_identification:_identify(/home/bah/LineFollower_Sim2Real/stages/StraightLine_Stage/straight_line_stage/configuration/materials) by extensions ['ros']
[0.128s] Level 1:colcon.colcon_core.package_identification:_identify(/home/bah/LineFollower_Sim2Real/stages/StraightLine_Stage/straight_line_stage/configuration/materials) by extension 'ros'
[0.128s] Level 1:colcon.colcon_core.package_identification:_identify(/home/bah/LineFollower_Sim2Real/stages/StraightLine_Stage/straight_line_stage/configuration/materials) by extensions ['cmake', 'python']
[0.128s] Level 1:colcon.colcon_core.package_identification:_identify(/home/bah/LineFollower_Sim2Real/stages/StraightLine_Stage/straight_line_stage/configuration/materials) by extension 'cmake'
[0.128s] Level 1:colcon.colcon_core.package_identification:_identify(/home/bah/LineFollower_Sim2Real/stages/StraightLine_Stage/straight_line_stage/configuration/materials) by extension 'python'
[0.128s] Level 1:colcon.colcon_core.package_identification:_identify(/home/bah/LineFollower_Sim2Real/stages/StraightLine_Stage/straight_line_stage/configuration/materials) by extensions ['python_setup_py']
[0.128s] Level 1:colcon.colcon_core.package_identification:_identify(/home/bah/LineFollower_Sim2Real/stages/StraightLine_Stage/straight_line_stage/configuration/materials) by extension 'python_setup_py'
[0.128s] Level 1:colcon.colcon_core.package_identification:_identify(/home/bah/LineFollower_Sim2Real/stages/StraightLine_Stage/straight_line_stage/configuration/materials/textures) by extensions ['ignore', 'ignore_ament_install']
[0.128s] Level 1:colcon.colcon_core.package_identification:_identify(/home/bah/LineFollower_Sim2Real/stages/StraightLine_Stage/straight_line_stage/configuration/materials/textures) by extension 'ignore'
[0.128s] Level 1:colcon.colcon_core.package_identification:_identify(/home/bah/LineFollower_Sim2Real/stages/StraightLine_Stage/straight_line_stage/configuration/materials/textures) by extension 'ignore_ament_install'
[0.128s] Level 1:colcon.colcon_core.package_identification:_identify(/home/bah/LineFollower_Sim2Real/stages/StraightLine_Stage/straight_line_stage/configuration/materials/textures) by extensions ['colcon_pkg']
[0.128s] Level 1:colcon.colcon_core.package_identification:_identify(/home/bah/LineFollower_Sim2Real/stages/StraightLine_Stage/straight_line_stage/configuration/materials/textures) by extension 'colcon_pkg'
[0.128s] Level 1:colcon.colcon_core.package_identification:_identify(/home/bah/LineFollower_Sim2Real/stages/StraightLine_Stage/straight_line_stage/configuration/materials/textures) by extensions ['colcon_meta']
[0.128s] Level 1:colcon.colcon_core.package_identification:_identify(/home/bah/LineFollower_Sim2Real/stages/StraightLine_Stage/straight_line_stage/configuration/materials/textures) by extension 'colcon_meta'
[0.128s] Level 1:colcon.colcon_core.package_identification:_identify(/home/bah/LineFollower_Sim2Real/stages/StraightLine_Stage/straight_line_stage/configuration/materials/textures) by extensions ['ros']
[0.128s] Level 1:colcon.colcon_core.package_identification:_identify(/home/bah/LineFollower_Sim2Real/stages/StraightLine_Stage/straight_line_stage/configuration/materials/textures) by extension 'ros'
[0.128s] Level 1:colcon.colcon_core.package_identification:_identify(/home/bah/LineFollower_Sim2Real/stages/StraightLine_Stage/straight_line_stage/configuration/materials/textures) by extensions ['cmake', 'python']
[0.128s] Level 1:colcon.colcon_core.package_identification:_identify(/home/bah/LineFollower_Sim2Real/stages/StraightLine_Stage/straight_line_stage/configuration/materials/textures) by extension 'cmake'
[0.128s] Level 1:colcon.colcon_core.package_identification:_identify(/home/bah/LineFollower_Sim2Real/stages/StraightLine_Stage/straight_line_stage/configuration/materials/textures) by extension 'python'
[0.128s] Level 1:colcon.colcon_core.package_identification:_identify(/home/bah/LineFollower_Sim2Real/stages/StraightLine_Stage/straight_line_stage/configuration/materials/textures) by extensions ['python_setup_py']
[0.128s] Level 1:colcon.colcon_core.package_identification:_identify(/home/bah/LineFollower_Sim2Real/stages/StraightLine_Stage/straight_line_stage/configuration/materials/textures) by extension 'python_setup_py'
[0.128s] Level 1:colcon.colcon_core.package_identification:_identify(/home/bah/LineFollower_Sim2Real/stages/straight_line_stage) by extensions ['ignore', 'ignore_ament_install']
[0.128s] Level 1:colcon.colcon_core.package_identification:_identify(/home/bah/LineFollower_Sim2Real/stages/straight_line_stage) by extension 'ignore'
[0.128s] Level 1:colcon.colcon_core.package_identification:_identify(/home/bah/LineFollower_Sim2Real/stages/straight_line_stage) by extension 'ignore_ament_install'
[0.128s] Level 1:colcon.colcon_core.package_identification:_identify(/home/bah/LineFollower_Sim2Real/stages/straight_line_stage) by extensions ['colcon_pkg']
[0.128s] Level 1:colcon.colcon_core.package_identification:_identify(/home/bah/LineFollower_Sim2Real/stages/straight_line_stage) by extension 'colcon_pkg'
[0.128s] Level 1:colcon.colcon_core.package_identification:_identify(/home/bah/LineFollower_Sim2Real/stages/straight_line_stage) by extensions ['colcon_meta']
[0.128s] Level 1:colcon.colcon_core.package_identification:_identify(/home/bah/LineFollower_Sim2Real/stages/straight_line_stage) by extension 'colcon_meta'
[0.128s] Level 1:colcon.colcon_core.package_identification:_identify(/home/bah/LineFollower_Sim2Real/stages/straight_line_stage) by extensions ['ros']
[0.128s] Level 1:colcon.colcon_core.package_identification:_identify(/home/bah/LineFollower_Sim2Real/stages/straight_line_stage) by extension 'ros'
[0.128s] Level 1:colcon.colcon_core.package_identification:_identify(/home/bah/LineFollower_Sim2Real/stages/straight_line_stage) by extensions ['cmake', 'python']
[0.128s] Level 1:colcon.colcon_core.package_identification:_identify(/home/bah/LineFollower_Sim2Real/stages/straight_line_stage) by extension 'cmake'
[0.128s] Level 1:colcon.colcon_core.package_identification:_identify(/home/bah/LineFollower_Sim2Real/stages/straight_line_stage) by extension 'python'
[0.128s] Level 1:colcon.colcon_core.package_identification:_identify(/home/bah/LineFollower_Sim2Real/stages/straight_line_stage) by extensions ['python_setup_py']
[0.128s] Level 1:colcon.colcon_core.package_identification:_identify(/home/bah/LineFollower_Sim2Real/stages/straight_line_stage) by extension 'python_setup_py'
[0.128s] Level 1:colcon.colcon_core.package_identification:_identify(/home/bah/LineFollower_Sim2Real/stages/straight_line_stage/configuration) by extensions ['ignore', 'ignore_ament_install']
[0.128s] Level 1:colcon.colcon_core.package_identification:_identify(/home/bah/LineFollower_Sim2Real/stages/straight_line_stage/configuration) by extension 'ignore'
[0.128s] Level 1:colcon.colcon_core.package_identification:_identify(/home/bah/LineFollower_Sim2Real/stages/straight_line_stage/configuration) by extension 'ignore_ament_install'
[0.128s] Level 1:colcon.colcon_core.package_identification:_identify(/home/bah/LineFollower_Sim2Real/stages/straight_line_stage/configuration) by extensions ['colcon_pkg']
[0.128s] Level 1:colcon.colcon_core.package_identification:_identify(/home/bah/LineFollower_Sim2Real/stages/straight_line_stage/configuration) by extension 'colcon_pkg'
[0.128s] Level 1:colcon.colcon_core.package_identification:_identify(/home/bah/LineFollower_Sim2Real/stages/straight_line_stage/configuration) by extensions ['colcon_meta']
[0.128s] Level 1:colcon.colcon_core.package_identification:_identify(/home/bah/LineFollower_Sim2Real/stages/straight_line_stage/configuration) by extension 'colcon_meta'
[0.128s] Level 1:colcon.colcon_core.package_identification:_identify(/home/bah/LineFollower_Sim2Real/stages/straight_line_stage/configuration) by extensions ['ros']
[0.128s] Level 1:colcon.colcon_core.package_identification:_identify(/home/bah/LineFollower_Sim2Real/stages/straight_line_stage/configuration) by extension 'ros'
[0.128s] Level 1:colcon.colcon_core.package_identification:_identify(/home/bah/LineFollower_Sim2Real/stages/straight_line_stage/configuration) by extensions ['cmake', 'python']
[0.128s] Level 1:colcon.colcon_core.package_identification:_identify(/home/bah/LineFollower_Sim2Real/stages/straight_line_stage/configuration) by extension 'cmake'
[0.128s] Level 1:colcon.colcon_core.package_identification:_identify(/home/bah/LineFollower_Sim2Real/stages/straight_line_stage/configuration) by extension 'python'
[0.128s] Level 1:colcon.colcon_core.package_identification:_identify(/home/bah/LineFollower_Sim2Real/stages/straight_line_stage/configuration) by extensions ['python_setup_py']
[0.128s] Level 1:colcon.colcon_core.package_identification:_identify(/home/bah/LineFollower_Sim2Real/stages/straight_line_stage/configuration) by extension 'python_setup_py'
[0.128s] Level 1:colcon.colcon_core.package_identification:_identify(/home/bah/LineFollower_Sim2Real/stages/straight_line_stage/configuration/materials) by extensions ['ignore', 'ignore_ament_install']
[0.128s] Level 1:colcon.colcon_core.package_identification:_identify(/home/bah/LineFollower_Sim2Real/stages/straight_line_stage/configuration/materials) by extension 'ignore'
[0.128s] Level 1:colcon.colcon_core.package_identification:_identify(/home/bah/LineFollower_Sim2Real/stages/straight_line_stage/configuration/materials) by extension 'ignore_ament_install'
[0.129s] Level 1:colcon.colcon_core.package_identification:_identify(/home/bah/LineFollower_Sim2Real/stages/straight_line_stage/configuration/materials) by extensions ['colcon_pkg']
[0.129s] Level 1:colcon.colcon_core.package_identification:_identify(/home/bah/LineFollower_Sim2Real/stages/straight_line_stage/configuration/materials) by extension 'colcon_pkg'
[0.129s] Level 1:colcon.colcon_core.package_identification:_identify(/home/bah/LineFollower_Sim2Real/stages/straight_line_stage/configuration/materials) by extensions ['colcon_meta']
[0.129s] Level 1:colcon.colcon_core.package_identification:_identify(/home/bah/LineFollower_Sim2Real/stages/straight_line_stage/configuration/materials) by extension 'colcon_meta'
[0.129s] Level 1:colcon.colcon_core.package_identification:_identify(/home/bah/LineFollower_Sim2Real/stages/straight_line_stage/configuration/materials) by extensions ['ros']
[0.129s] Level 1:colcon.colcon_core.package_identification:_identify(/home/bah/LineFollower_Sim2Real/stages/straight_line_stage/configuration/materials) by extension 'ros'
[0.129s] Level 1:colcon.colcon_core.package_identification:_identify(/home/bah/LineFollower_Sim2Real/stages/straight_line_stage/configuration/materials) by extensions ['cmake', 'python']
[0.129s] Level 1:colcon.colcon_core.package_identification:_identify(/home/bah/LineFollower_Sim2Real/stages/straight_line_stage/configuration/materials) by extension 'cmake'
[0.129s] Level 1:colcon.colcon_core.package_identification:_identify(/home/bah/LineFollower_Sim2Real/stages/straight_line_stage/configuration/materials) by extension 'python'
[0.129s] Level 1:colcon.colcon_core.package_identification:_identify(/home/bah/LineFollower_Sim2Real/stages/straight_line_stage/configuration/materials) by extensions ['python_setup_py']
[0.129s] Level 1:colcon.colcon_core.package_identification:_identify(/home/bah/LineFollower_Sim2Real/stages/straight_line_stage/configuration/materials) by extension 'python_setup_py'
[0.129s] Level 1:colcon.colcon_core.package_identification:_identify(/home/bah/LineFollower_Sim2Real/stages/straight_line_stage/configuration/materials/textures) by extensions ['ignore', 'ignore_ament_install']
[0.129s] Level 1:colcon.colcon_core.package_identification:_identify(/home/bah/LineFollower_Sim2Real/stages/straight_line_stage/configuration/materials/textures) by extension 'ignore'
[0.129s] Level 1:colcon.colcon_core.package_identification:_identify(/home/bah/LineFollower_Sim2Real/stages/straight_line_stage/configuration/materials/textures) by extension 'ignore_ament_install'
[0.129s] Level 1:colcon.colcon_core.package_identification:_identify(/home/bah/LineFollower_Sim2Real/stages/straight_line_stage/configuration/materials/textures) by extensions ['colcon_pkg']
[0.129s] Level 1:colcon.colcon_core.package_identification:_identify(/home/bah/LineFollower_Sim2Real/stages/straight_line_stage/configuration/materials/textures) by extension 'colcon_pkg'
[0.129s] Level 1:colcon.colcon_core.package_identification:_identify(/home/bah/LineFollower_Sim2Real/stages/straight_line_stage/configuration/materials/textures) by extensions ['colcon_meta']
[0.129s] Level 1:colcon.colcon_core.package_identification:_identify(/home/bah/LineFollower_Sim2Real/stages/straight_line_stage/configuration/materials/textures) by extension 'colcon_meta'
[0.129s] Level 1:colcon.colcon_core.package_identification:_identify(/home/bah/LineFollower_Sim2Real/stages/straight_line_stage/configuration/materials/textures) by extensions ['ros']
[0.129s] Level 1:colcon.colcon_core.package_identification:_identify(/home/bah/LineFollower_Sim2Real/stages/straight_line_stage/configuration/materials/textures) by extension 'ros'
[0.129s] Level 1:colcon.colcon_core.package_identification:_identify(/home/bah/LineFollower_Sim2Real/stages/straight_line_stage/configuration/materials/textures) by extensions ['cmake', 'python']
[0.129s] Level 1:colcon.colcon_core.package_identification:_identify(/home/bah/LineFollower_Sim2Real/stages/straight_line_stage/configuration/materials/textures) by extension 'cmake'
[0.129s] Level 1:colcon.colcon_core.package_identification:_identify(/home/bah/LineFollower_Sim2Real/stages/straight_line_stage/configuration/materials/textures) by extension 'python'
[0.129s] Level 1:colcon.colcon_core.package_identification:_identify(/home/bah/LineFollower_Sim2Real/stages/straight_line_stage/configuration/materials/textures) by extensions ['python_setup_py']
[0.129s] Level 1:colcon.colcon_core.package_identification:_identify(/home/bah/LineFollower_Sim2Real/stages/straight_line_stage/configuration/materials/textures) by extension 'python_setup_py'
[0.129s] Level 1:colcon.colcon_core.package_identification:_identify(/home/bah/LineFollower_Sim2Real/straight_line_stage) by extensions ['ignore', 'ignore_ament_install']
[0.129s] Level 1:colcon.colcon_core.package_identification:_identify(/home/bah/LineFollower_Sim2Real/straight_line_stage) by extension 'ignore'
[0.129s] Level 1:colcon.colcon_core.package_identification:_identify(/home/bah/LineFollower_Sim2Real/straight_line_stage) by extension 'ignore_ament_install'
[0.129s] Level 1:colcon.colcon_core.package_identification:_identify(/home/bah/LineFollower_Sim2Real/straight_line_stage) by extensions ['colcon_pkg']
[0.129s] Level 1:colcon.colcon_core.package_identification:_identify(/home/bah/LineFollower_Sim2Real/straight_line_stage) by extension 'colcon_pkg'
[0.129s] Level 1:colcon.colcon_core.package_identification:_identify(/home/bah/LineFollower_Sim2Real/straight_line_stage) by extensions ['colcon_meta']
[0.129s] Level 1:colcon.colcon_core.package_identification:_identify(/home/bah/LineFollower_Sim2Real/straight_line_stage) by extension 'colcon_meta'
[0.129s] Level 1:colcon.colcon_core.package_identification:_identify(/home/bah/LineFollower_Sim2Real/straight_line_stage) by extensions ['ros']
[0.129s] Level 1:colcon.colcon_core.package_identification:_identify(/home/bah/LineFollower_Sim2Real/straight_line_stage) by extension 'ros'
[0.129s] Level 1:colcon.colcon_core.package_identification:_identify(/home/bah/LineFollower_Sim2Real/straight_line_stage) by extensions ['cmake', 'python']
[0.129s] Level 1:colcon.colcon_core.package_identification:_identify(/home/bah/LineFollower_Sim2Real/straight_line_stage) by extension 'cmake'
[0.129s] Level 1:colcon.colcon_core.package_identification:_identify(/home/bah/LineFollower_Sim2Real/straight_line_stage) by extension 'python'
[0.129s] Level 1:colcon.colcon_core.package_identification:_identify(/home/bah/LineFollower_Sim2Real/straight_line_stage) by extensions ['python_setup_py']
[0.129s] Level 1:colcon.colcon_core.package_identification:_identify(/home/bah/LineFollower_Sim2Real/straight_line_stage) by extension 'python_setup_py'
[0.129s] Level 1:colcon.colcon_core.package_identification:_identify(/home/bah/LineFollower_Sim2Real/straight_line_stage/configuration) by extensions ['ignore', 'ignore_ament_install']
[0.129s] Level 1:colcon.colcon_core.package_identification:_identify(/home/bah/LineFollower_Sim2Real/straight_line_stage/configuration) by extension 'ignore'
[0.129s] Level 1:colcon.colcon_core.package_identification:_identify(/home/bah/LineFollower_Sim2Real/straight_line_stage/configuration) by extension 'ignore_ament_install'
[0.129s] Level 1:colcon.colcon_core.package_identification:_identify(/home/bah/LineFollower_Sim2Real/straight_line_stage/configuration) by extensions ['colcon_pkg']
[0.129s] Level 1:colcon.colcon_core.package_identification:_identify(/home/bah/LineFollower_Sim2Real/straight_line_stage/configuration) by extension 'colcon_pkg'
[0.129s] Level 1:colcon.colcon_core.package_identification:_identify(/home/bah/LineFollower_Sim2Real/straight_line_stage/configuration) by extensions ['colcon_meta']
[0.129s] Level 1:colcon.colcon_core.package_identification:_identify(/home/bah/LineFollower_Sim2Real/straight_line_stage/configuration) by extension 'colcon_meta'
[0.129s] Level 1:colcon.colcon_core.package_identification:_identify(/home/bah/LineFollower_Sim2Real/straight_line_stage/configuration) by extensions ['ros']
[0.129s] Level 1:colcon.colcon_core.package_identification:_identify(/home/bah/LineFollower_Sim2Real/straight_line_stage/configuration) by extension 'ros'
[0.129s] Level 1:colcon.colcon_core.package_identification:_identify(/home/bah/LineFollower_Sim2Real/straight_line_stage/configuration) by extensions ['cmake', 'python']
[0.129s] Level 1:colcon.colcon_core.package_identification:_identify(/home/bah/LineFollower_Sim2Real/straight_line_stage/configuration) by extension 'cmake'
[0.129s] Level 1:colcon.colcon_core.package_identification:_identify(/home/bah/LineFollower_Sim2Real/straight_line_stage/configuration) by extension 'python'
[0.129s] Level 1:colcon.colcon_core.package_identification:_identify(/home/bah/LineFollower_Sim2Real/straight_line_stage/configuration) by extensions ['python_setup_py']
[0.129s] Level 1:colcon.colcon_core.package_identification:_identify(/home/bah/LineFollower_Sim2Real/straight_line_stage/configuration) by extension 'python_setup_py'
[0.129s] Level 1:colcon.colcon_core.package_discovery:discover_packages(recursive) using defaults
