[0.059s] DEBUG:colcon:Command line arguments: ['/usr/bin/colcon', 'build', '--symlink-install']
[0.059s] DEBUG:colcon:Parsed command line arguments: Namespace(log_base=None, log_level=None, verb_name='build', build_base='build', install_base='install', merge_install=False, symlink_install=True, test_result_base=None, continue_on_error=False, executor='parallel', parallel_workers=32, event_handlers=None, ignore_user_meta=False, metas=['./colcon.meta'], base_paths=['.'], packages_ignore=None, packages_ignore_regex=None, paths=None, packages_up_to=None, packages_up_to_regex=None, packages_above=None, packages_above_and_dependencies=None, packages_above_depth=None, packages_select_by_dep=None, packages_skip_by_dep=None, packages_skip_up_to=None, packages_select_build_failed=False, packages_skip_build_finished=False, packages_select_test_failures=False, packages_skip_test_passed=False, packages_select=None, packages_skip=None, packages_select_regex=None, packages_skip_regex=None, packages_start=None, packages_end=None, allow_overriding=[], cmake_args=None, cmake_target=None, cmake_target_skip_unavailable=False, cmake_clean_cache=False, cmake_clean_first=False, cmake_force_configure=False, ament_cmake_args=None, catkin_cmake_args=None, catkin_skip_building_tests=False, verb_parser=<colcon_defaults.argument_parser.defaults.DefaultArgumentsDecorator object at 0x7549562053c0>, verb_extension=<colcon_core.verb.build.BuildVerb object at 0x754956204eb0>, main=<bound method BuildVerb.main of <colcon_core.verb.build.BuildVerb object at 0x754956204eb0>>)
[0.204s] Level 1:colcon.colcon_core.package_discovery:discover_packages(colcon_meta) check parameters
[0.204s] Level 1:colcon.colcon_core.package_discovery:discover_packages(recursive) check parameters
[0.204s] Level 1:colcon.colcon_core.package_discovery:discover_packages(ignore) check parameters
[0.204s] Level 1:colcon.colcon_core.package_discovery:discover_packages(path) check parameters
[0.204s] Level 1:colcon.colcon_core.package_discovery:discover_packages(colcon_meta) discover
[0.204s] Level 1:colcon.colcon_core.package_discovery:discover_packages(recursive) discover
[0.204s] INFO:colcon.colcon_core.package_discovery:Crawling recursively for packages in '/workspaces/isaac_ros-dev/src/LineFollower_Sim2Real/src/linepreprocessor'
[0.204s] Level 1:colcon.colcon_core.package_identification:_identify(.) by extensions ['ignore', 'ignore_ament_install']
[0.204s] Level 1:colcon.colcon_core.package_identification:_identify(.) by extension 'ignore'
[0.204s] Level 1:colcon.colcon_core.package_identification:_identify(.) by extension 'ignore_ament_install'
[0.204s] Level 1:colcon.colcon_core.package_identification:_identify(.) by extensions ['colcon_pkg']
[0.204s] Level 1:colcon.colcon_core.package_identification:_identify(.) by extension 'colcon_pkg'
[0.204s] Level 1:colcon.colcon_core.package_identification:_identify(.) by extensions ['colcon_meta']
[0.204s] Level 1:colcon.colcon_core.package_identification:_identify(.) by extension 'colcon_meta'
[0.204s] Level 1:colcon.colcon_core.package_identification:_identify(.) by extensions ['ros']
[0.204s] Level 1:colcon.colcon_core.package_identification:_identify(.) by extension 'ros'
[0.213s] DEBUG:colcon.colcon_core.package_identification:Package '.' with type 'ros.ament_python' and name 'linepreprocessor'
[0.213s] Level 1:colcon.colcon_core.package_discovery:discover_packages(recursive) using defaults
[0.213s] Level 1:colcon.colcon_core.package_discovery:discover_packages(ignore) discover
[0.213s] Level 1:colcon.colcon_core.package_discovery:discover_packages(ignore) using defaults
[0.213s] Level 1:colcon.colcon_core.package_discovery:discover_packages(path) discover
[0.213s] Level 1:colcon.colcon_core.package_discovery:discover_packages(path) using defaults
[0.223s] Level 1:colcon.colcon_core.package_discovery:discover_packages(prefix_path) check parameters
[0.223s] Level 1:colcon.colcon_core.package_discovery:discover_packages(prefix_path) discover
[0.223s] WARNING:colcon.colcon_core.prefix_path.colcon:The path '/workspaces/isaac_ros-dev/src/LineFollower_Sim2Real/install' in the environment variable COLCON_PREFIX_PATH doesn't exist
[0.223s] WARNING:colcon.colcon_ros.prefix_path.ament:The path '/workspaces/isaac_ros-dev/src/LineFollower_Sim2Real/src/linepreprocessor/install/linepreprocessor' in the environment variable AMENT_PREFIX_PATH doesn't exist
[0.223s] WARNING:colcon.colcon_ros.prefix_path.ament:The path '/workspaces/isaac_ros-dev/src/LineFollower_Sim2Real/install/linepreprocessor' in the environment variable AMENT_PREFIX_PATH doesn't exist
[0.224s] DEBUG:colcon.colcon_installed_package_information.package_discovery:Found 0 installed packages in /workspaces/isaac_ros-dev/src/LineFollower_Sim2Real/src/linepreprocessor/install
[0.224s] DEBUG:colcon.colcon_installed_package_information.package_discovery:Found 403 installed packages in /opt/ros/humble
[0.225s] Level 1:colcon.colcon_core.package_discovery:discover_packages(prefix_path) using defaults
[0.245s] Level 5:colcon.colcon_core.verb:set package 'linepreprocessor' build argument 'cmake_args' from command line to 'None'
[0.245s] Level 5:colcon.colcon_core.verb:set package 'linepreprocessor' build argument 'cmake_target' from command line to 'None'
[0.245s] Level 5:colcon.colcon_core.verb:set package 'linepreprocessor' build argument 'cmake_target_skip_unavailable' from command line to 'False'
[0.245s] Level 5:colcon.colcon_core.verb:set package 'linepreprocessor' build argument 'cmake_clean_cache' from command line to 'False'
[0.245s] Level 5:colcon.colcon_core.verb:set package 'linepreprocessor' build argument 'cmake_clean_first' from command line to 'False'
[0.245s] Level 5:colcon.colcon_core.verb:set package 'linepreprocessor' build argument 'cmake_force_configure' from command line to 'False'
[0.245s] Level 5:colcon.colcon_core.verb:set package 'linepreprocessor' build argument 'ament_cmake_args' from command line to 'None'
[0.245s] Level 5:colcon.colcon_core.verb:set package 'linepreprocessor' build argument 'catkin_cmake_args' from command line to 'None'
[0.245s] Level 5:colcon.colcon_core.verb:set package 'linepreprocessor' build argument 'catkin_skip_building_tests' from command line to 'False'
[0.245s] DEBUG:colcon.colcon_core.verb:Building package 'linepreprocessor' with the following arguments: {'ament_cmake_args': None, 'build_base': '/workspaces/isaac_ros-dev/src/LineFollower_Sim2Real/src/linepreprocessor/build/linepreprocessor', 'catkin_cmake_args': None, 'catkin_skip_building_tests': False, 'cmake_args': None, 'cmake_clean_cache': False, 'cmake_clean_first': False, 'cmake_force_configure': False, 'cmake_target': None, 'cmake_target_skip_unavailable': False, 'install_base': '/workspaces/isaac_ros-dev/src/LineFollower_Sim2Real/src/linepreprocessor/install/linepreprocessor', 'merge_install': False, 'path': '/workspaces/isaac_ros-dev/src/LineFollower_Sim2Real/src/linepreprocessor', 'symlink_install': True, 'test_result_base': None}
[0.245s] INFO:colcon.colcon_core.executor:Executing jobs using 'parallel' executor
[0.245s] DEBUG:colcon.colcon_parallel_executor.executor.parallel:run_until_complete
[0.246s] INFO:colcon.colcon_ros.task.ament_python.build:Building ROS package in '/workspaces/isaac_ros-dev/src/LineFollower_Sim2Real/src/linepreprocessor' with build type 'ament_python'
[0.246s] Level 1:colcon.colcon_core.shell:create_environment_hook('linepreprocessor', 'ament_prefix_path')
[0.247s] INFO:colcon.colcon_core.plugin_system:Skipping extension 'colcon_core.shell.bat': Not used on non-Windows systems
[0.248s] INFO:colcon.colcon_core.shell:Creating environment hook '/workspaces/isaac_ros-dev/src/LineFollower_Sim2Real/src/linepreprocessor/install/linepreprocessor/share/linepreprocessor/hook/ament_prefix_path.ps1'
[0.248s] INFO:colcon.colcon_core.shell:Creating environment descriptor '/workspaces/isaac_ros-dev/src/LineFollower_Sim2Real/src/linepreprocessor/install/linepreprocessor/share/linepreprocessor/hook/ament_prefix_path.dsv'
[0.248s] INFO:colcon.colcon_core.shell:Creating environment hook '/workspaces/isaac_ros-dev/src/LineFollower_Sim2Real/src/linepreprocessor/install/linepreprocessor/share/linepreprocessor/hook/ament_prefix_path.sh'
[0.249s] INFO:colcon.colcon_core.shell:Skip shell extension 'powershell' for command environment: Not usable outside of PowerShell
[0.249s] DEBUG:colcon.colcon_core.shell:Skip shell extension 'dsv' for command environment
[0.488s] INFO:colcon.colcon_core.task.python.build:Building Python package in '/workspaces/isaac_ros-dev/src/LineFollower_Sim2Real/src/linepreprocessor'
[0.488s] INFO:colcon.colcon_core.shell:Skip shell extension 'powershell' for command environment: Not usable outside of PowerShell
[0.488s] DEBUG:colcon.colcon_core.shell:Skip shell extension 'dsv' for command environment
[0.900s] DEBUG:colcon.colcon_core.event_handler.log_command:Invoking command in '/workspaces/isaac_ros-dev/src/LineFollower_Sim2Real/src/linepreprocessor/build/linepreprocessor': PYTHONPATH=/workspaces/isaac_ros-dev/src/LineFollower_Sim2Real/src/linepreprocessor/build/linepreprocessor/prefix_override:/usr/lib/python3/dist-packages/colcon_core/task/python/colcon_distutils_commands:/workspaces/isaac_ros-dev/src/LineFollower_Sim2Real/src/linepreprocessor/install/linepreprocessor/lib/python3.10/site-packages:${PYTHONPATH} _=/usr/bin/env /usr/bin/python3 -W ignore:setup.py install is deprecated -W ignore:easy_install command is deprecated setup.py develop --editable --build-directory /workspaces/isaac_ros-dev/src/LineFollower_Sim2Real/src/linepreprocessor/build/linepreprocessor/build --no-deps symlink_data
[1.496s] Level 1:colcon.colcon_core.shell:create_environment_hook('linepreprocessor', 'pythonpath_develop')
[1.496s] INFO:colcon.colcon_core.shell:Creating environment hook '/workspaces/isaac_ros-dev/src/LineFollower_Sim2Real/src/linepreprocessor/build/linepreprocessor/share/linepreprocessor/hook/pythonpath_develop.ps1'
[1.496s] DEBUG:colcon.colcon_core.event_handler.log_command:Invoked command in '/workspaces/isaac_ros-dev/src/LineFollower_Sim2Real/src/linepreprocessor/build/linepreprocessor' returned '0': PYTHONPATH=/workspaces/isaac_ros-dev/src/LineFollower_Sim2Real/src/linepreprocessor/build/linepreprocessor/prefix_override:/usr/lib/python3/dist-packages/colcon_core/task/python/colcon_distutils_commands:/workspaces/isaac_ros-dev/src/LineFollower_Sim2Real/src/linepreprocessor/install/linepreprocessor/lib/python3.10/site-packages:${PYTHONPATH} _=/usr/bin/env /usr/bin/python3 -W ignore:setup.py install is deprecated -W ignore:easy_install command is deprecated setup.py develop --editable --build-directory /workspaces/isaac_ros-dev/src/LineFollower_Sim2Real/src/linepreprocessor/build/linepreprocessor/build --no-deps symlink_data
[1.497s] INFO:colcon.colcon_core.shell:Creating environment descriptor '/workspaces/isaac_ros-dev/src/LineFollower_Sim2Real/src/linepreprocessor/build/linepreprocessor/share/linepreprocessor/hook/pythonpath_develop.dsv'
[1.497s] INFO:colcon.colcon_core.shell:Creating environment hook '/workspaces/isaac_ros-dev/src/LineFollower_Sim2Real/src/linepreprocessor/build/linepreprocessor/share/linepreprocessor/hook/pythonpath_develop.sh'
[1.499s] Level 1:colcon.colcon_core.environment:checking '/workspaces/isaac_ros-dev/src/LineFollower_Sim2Real/src/linepreprocessor/install/linepreprocessor' for CMake module files
[1.499s] Level 1:colcon.colcon_core.environment:checking '/workspaces/isaac_ros-dev/src/LineFollower_Sim2Real/src/linepreprocessor/install/linepreprocessor' for CMake config files
[1.500s] Level 1:colcon.colcon_core.environment:checking '/workspaces/isaac_ros-dev/src/LineFollower_Sim2Real/src/linepreprocessor/install/linepreprocessor/lib'
[1.500s] Level 1:colcon.colcon_core.environment:checking '/workspaces/isaac_ros-dev/src/LineFollower_Sim2Real/src/linepreprocessor/install/linepreprocessor/bin'
[1.500s] Level 1:colcon.colcon_core.environment:checking '/workspaces/isaac_ros-dev/src/LineFollower_Sim2Real/src/linepreprocessor/install/linepreprocessor/lib/pkgconfig/linepreprocessor.pc'
[1.500s] Level 1:colcon.colcon_core.environment:checking '/workspaces/isaac_ros-dev/src/LineFollower_Sim2Real/src/linepreprocessor/install/linepreprocessor/lib/python3.10/site-packages'
[1.500s] Level 1:colcon.colcon_core.shell:create_environment_hook('linepreprocessor', 'pythonpath')
[1.500s] INFO:colcon.colcon_core.shell:Creating environment hook '/workspaces/isaac_ros-dev/src/LineFollower_Sim2Real/src/linepreprocessor/install/linepreprocessor/share/linepreprocessor/hook/pythonpath.ps1'
[1.501s] INFO:colcon.colcon_core.shell:Creating environment descriptor '/workspaces/isaac_ros-dev/src/LineFollower_Sim2Real/src/linepreprocessor/install/linepreprocessor/share/linepreprocessor/hook/pythonpath.dsv'
[1.501s] INFO:colcon.colcon_core.shell:Creating environment hook '/workspaces/isaac_ros-dev/src/LineFollower_Sim2Real/src/linepreprocessor/install/linepreprocessor/share/linepreprocessor/hook/pythonpath.sh'
[1.501s] Level 1:colcon.colcon_core.environment:checking '/workspaces/isaac_ros-dev/src/LineFollower_Sim2Real/src/linepreprocessor/install/linepreprocessor/bin'
[1.501s] Level 1:colcon.colcon_core.environment:create_environment_scripts_only(linepreprocessor)
[1.501s] INFO:colcon.colcon_core.shell:Creating package script '/workspaces/isaac_ros-dev/src/LineFollower_Sim2Real/src/linepreprocessor/install/linepreprocessor/share/linepreprocessor/package.ps1'
[1.501s] INFO:colcon.colcon_core.shell:Creating package descriptor '/workspaces/isaac_ros-dev/src/LineFollower_Sim2Real/src/linepreprocessor/install/linepreprocessor/share/linepreprocessor/package.dsv'
[1.502s] INFO:colcon.colcon_core.shell:Creating package script '/workspaces/isaac_ros-dev/src/LineFollower_Sim2Real/src/linepreprocessor/install/linepreprocessor/share/linepreprocessor/package.sh'
[1.502s] INFO:colcon.colcon_core.shell:Creating package script '/workspaces/isaac_ros-dev/src/LineFollower_Sim2Real/src/linepreprocessor/install/linepreprocessor/share/linepreprocessor/package.bash'
[1.502s] INFO:colcon.colcon_core.shell:Creating package script '/workspaces/isaac_ros-dev/src/LineFollower_Sim2Real/src/linepreprocessor/install/linepreprocessor/share/linepreprocessor/package.zsh'
[1.502s] Level 1:colcon.colcon_core.environment:create_file_with_runtime_dependencies(/workspaces/isaac_ros-dev/src/LineFollower_Sim2Real/src/linepreprocessor/install/linepreprocessor/share/colcon-core/packages/linepreprocessor)
[1.503s] DEBUG:colcon.colcon_parallel_executor.executor.parallel:closing loop
[1.503s] DEBUG:colcon.colcon_parallel_executor.executor.parallel:loop closed
[1.503s] DEBUG:colcon.colcon_parallel_executor.executor.parallel:run_until_complete finished with '0'
[1.503s] DEBUG:colcon.colcon_core.event_reactor:joining thread
[1.507s] INFO:colcon.colcon_core.plugin_system:Skipping extension 'colcon_notification.desktop_notification.notify_send': Could not find 'notify-send'
[1.508s] INFO:colcon.colcon_core.plugin_system:Skipping extension 'colcon_notification.desktop_notification.terminal_notifier': Not used on non-Darwin systems
[1.508s] INFO:colcon.colcon_core.plugin_system:Skipping extension 'colcon_notification.desktop_notification.win32': Not used on non-Windows systems
[1.508s] INFO:colcon.colcon_notification.desktop_notification:Sending desktop notification using 'notify2'
[1.509s] DEBUG:colcon.colcon_notification.desktop_notification.notify2:Failed to initialize notify2: org.freedesktop.DBus.Error.Spawn.ExecFailed: /usr/bin/dbus-launch terminated abnormally without any error message
[1.509s] DEBUG:colcon.colcon_core.event_reactor:joined thread
[1.510s] INFO:colcon.colcon_core.shell:Creating prefix script '/workspaces/isaac_ros-dev/src/LineFollower_Sim2Real/src/linepreprocessor/install/local_setup.ps1'
[1.510s] INFO:colcon.colcon_core.shell:Creating prefix util module '/workspaces/isaac_ros-dev/src/LineFollower_Sim2Real/src/linepreprocessor/install/_local_setup_util_ps1.py'
[1.511s] INFO:colcon.colcon_core.shell:Creating prefix chain script '/workspaces/isaac_ros-dev/src/LineFollower_Sim2Real/src/linepreprocessor/install/setup.ps1'
[1.512s] INFO:colcon.colcon_core.shell:Creating prefix script '/workspaces/isaac_ros-dev/src/LineFollower_Sim2Real/src/linepreprocessor/install/local_setup.sh'
[1.513s] INFO:colcon.colcon_core.shell:Creating prefix util module '/workspaces/isaac_ros-dev/src/LineFollower_Sim2Real/src/linepreprocessor/install/_local_setup_util_sh.py'
[1.513s] INFO:colcon.colcon_core.shell:Creating prefix chain script '/workspaces/isaac_ros-dev/src/LineFollower_Sim2Real/src/linepreprocessor/install/setup.sh'
[1.514s] INFO:colcon.colcon_core.shell:Creating prefix script '/workspaces/isaac_ros-dev/src/LineFollower_Sim2Real/src/linepreprocessor/install/local_setup.bash'
[1.514s] INFO:colcon.colcon_core.shell:Creating prefix chain script '/workspaces/isaac_ros-dev/src/LineFollower_Sim2Real/src/linepreprocessor/install/setup.bash'
[1.514s] INFO:colcon.colcon_core.shell:Creating prefix script '/workspaces/isaac_ros-dev/src/LineFollower_Sim2Real/src/linepreprocessor/install/local_setup.zsh'
[1.515s] INFO:colcon.colcon_core.shell:Creating prefix chain script '/workspaces/isaac_ros-dev/src/LineFollower_Sim2Real/src/linepreprocessor/install/setup.zsh'
