running egg_info
writing ../../build/LinePreProcessor/LinePreProcessor.egg-info/PKG-INFO
writing dependency_links to ../../build/LinePreProcessor/LinePreProcessor.egg-info/dependency_links.txt
writing entry points to ../../build/LinePreProcessor/LinePreProcessor.egg-info/entry_points.txt
writing requirements to ../../build/LinePreProcessor/LinePreProcessor.egg-info/requires.txt
writing top-level names to ../../build/LinePreProcessor/LinePreProcessor.egg-info/top_level.txt
reading manifest file '../../build/LinePreProcessor/LinePreProcessor.egg-info/SOURCES.txt'
adding license file 'LICENSE'
writing manifest file '../../build/LinePreProcessor/LinePreProcessor.egg-info/SOURCES.txt'
running build
running build_py
creating /home/bah/LineFollower_Sim2Real/build/LinePreProcessor/build/lib/linepreprocessor
copying linepreprocessor/line_center_finder.py -> /home/bah/LineFollower_Sim2Real/build/LinePreProcessor/build/lib/linepreprocessor
copying linepreprocessor/__init__.py -> /home/bah/LineFollower_Sim2Real/build/LinePreProcessor/build/lib/linepreprocessor
running install
running install_lib
creating /home/bah/LineFollower_Sim2Real/install/LinePreProcessor/lib/python3.10/site-packages/linepreprocessor
copying /home/bah/LineFollower_Sim2Real/build/LinePreProcessor/build/lib/linepreprocessor/line_center_finder.py -> /home/bah/LineFollower_Sim2Real/install/LinePreProcessor/lib/python3.10/site-packages/linepreprocessor
copying /home/bah/LineFollower_Sim2Real/build/LinePreProcessor/build/lib/linepreprocessor/__init__.py -> /home/bah/LineFollower_Sim2Real/install/LinePreProcessor/lib/python3.10/site-packages/linepreprocessor
byte-compiling /home/bah/LineFollower_Sim2Real/install/LinePreProcessor/lib/python3.10/site-packages/linepreprocessor/line_center_finder.py to line_center_finder.cpython-310.pyc
byte-compiling /home/bah/LineFollower_Sim2Real/install/LinePreProcessor/lib/python3.10/site-packages/linepreprocessor/__init__.py to __init__.cpython-310.pyc
running install_data
running install_egg_info
removing '/home/bah/LineFollower_Sim2Real/install/LinePreProcessor/lib/python3.10/site-packages/LinePreProcessor-0.0.0-py3.10.egg-info' (and everything under it)
Copying ../../build/LinePreProcessor/LinePreProcessor.egg-info to /home/bah/LineFollower_Sim2Real/install/LinePreProcessor/lib/python3.10/site-packages/LinePreProcessor-0.0.0-py3.10.egg-info
running install_scripts
writing list of installed files to '/home/bah/LineFollower_Sim2Real/build/LinePreProcessor/install.log'
