[0.249s] Invoking command in '/home/bah/LineFollower_Sim2Real/src/LinePreProcessor': PYTHONPATH=/home/bah/LineFollower_Sim2Real/build/LinePreProcessor/prefix_override:/usr/lib/python3/dist-packages/colcon_core/task/python/colcon_distutils_commands:/home/bah/LineFollower_Sim2Real/install/LinePreProcessor/lib/python3.10/site-packages:${PYTHONPATH} /usr/bin/python3 -W ignore:setup.py install is deprecated -W ignore:easy_install command is deprecated setup.py egg_info --egg-base ../../build/LinePreProcessor build --build-base /home/bah/LineFollower_Sim2Real/build/LinePreProcessor/build install --record /home/bah/LineFollower_Sim2Real/build/LinePreProcessor/install.log --single-version-externally-managed install_data
[0.354s] running egg_info
[0.354s] creating ../../build/LinePreProcessor/LinePreProcessor.egg-info
[0.354s] writing ../../build/LinePreProcessor/LinePreProcessor.egg-info/PKG-INFO
[0.354s] writing dependency_links to ../../build/LinePreProcessor/LinePreProcessor.egg-info/dependency_links.txt
[0.354s] writing entry points to ../../build/LinePreProcessor/LinePreProcessor.egg-info/entry_points.txt
[0.354s] writing requirements to ../../build/LinePreProcessor/LinePreProcessor.egg-info/requires.txt
[0.354s] writing top-level names to ../../build/LinePreProcessor/LinePreProcessor.egg-info/top_level.txt
[0.354s] writing manifest file '../../build/LinePreProcessor/LinePreProcessor.egg-info/SOURCES.txt'
[0.355s] reading manifest file '../../build/LinePreProcessor/LinePreProcessor.egg-info/SOURCES.txt'
[0.355s] adding license file 'LICENSE'
[0.355s] writing manifest file '../../build/LinePreProcessor/LinePreProcessor.egg-info/SOURCES.txt'
[0.355s] running build
[0.355s] running build_py
[0.355s] creating /home/bah/LineFollower_Sim2Real/build/LinePreProcessor/build
[0.355s] creating /home/bah/LineFollower_Sim2Real/build/LinePreProcessor/build/lib
[0.355s] creating /home/bah/LineFollower_Sim2Real/build/LinePreProcessor/build/lib/LinePreProcessor
[0.355s] copying LinePreProcessor/line_center_finder.py -> /home/bah/LineFollower_Sim2Real/build/LinePreProcessor/build/lib/LinePreProcessor
[0.355s] copying LinePreProcessor/__init__.py -> /home/bah/LineFollower_Sim2Real/build/LinePreProcessor/build/lib/LinePreProcessor
[0.355s] running install
[0.355s] running install_lib
[0.356s] creating /home/bah/LineFollower_Sim2Real/install/LinePreProcessor/lib/python3.10/site-packages/LinePreProcessor
[0.356s] copying /home/bah/LineFollower_Sim2Real/build/LinePreProcessor/build/lib/LinePreProcessor/line_center_finder.py -> /home/bah/LineFollower_Sim2Real/install/LinePreProcessor/lib/python3.10/site-packages/LinePreProcessor
[0.356s] copying /home/bah/LineFollower_Sim2Real/build/LinePreProcessor/build/lib/LinePreProcessor/__init__.py -> /home/bah/LineFollower_Sim2Real/install/LinePreProcessor/lib/python3.10/site-packages/LinePreProcessor
[0.356s] byte-compiling /home/bah/LineFollower_Sim2Real/install/LinePreProcessor/lib/python3.10/site-packages/LinePreProcessor/line_center_finder.py to line_center_finder.cpython-310.pyc
[0.356s] byte-compiling /home/bah/LineFollower_Sim2Real/install/LinePreProcessor/lib/python3.10/site-packages/LinePreProcessor/__init__.py to __init__.cpython-310.pyc
[0.356s] running install_data
[0.356s] creating /home/bah/LineFollower_Sim2Real/install/LinePreProcessor/share/ament_index
[0.356s] creating /home/bah/LineFollower_Sim2Real/install/LinePreProcessor/share/ament_index/resource_index
[0.356s] creating /home/bah/LineFollower_Sim2Real/install/LinePreProcessor/share/ament_index/resource_index/packages
[0.356s] copying resource/LinePreProcessor -> /home/bah/LineFollower_Sim2Real/install/LinePreProcessor/share/ament_index/resource_index/packages
[0.356s] copying package.xml -> /home/bah/LineFollower_Sim2Real/install/LinePreProcessor/share/LinePreProcessor
[0.356s] running install_egg_info
[0.357s] Copying ../../build/LinePreProcessor/LinePreProcessor.egg-info to /home/bah/LineFollower_Sim2Real/install/LinePreProcessor/lib/python3.10/site-packages/LinePreProcessor-0.0.0-py3.10.egg-info
[0.357s] running install_scripts
[0.366s] writing list of installed files to '/home/bah/LineFollower_Sim2Real/build/LinePreProcessor/install.log'
[0.376s] Invoked command in '/home/bah/LineFollower_Sim2Real/src/LinePreProcessor' returned '0': PYTHONPATH=/home/bah/LineFollower_Sim2Real/build/LinePreProcessor/prefix_override:/usr/lib/python3/dist-packages/colcon_core/task/python/colcon_distutils_commands:/home/bah/LineFollower_Sim2Real/install/LinePreProcessor/lib/python3.10/site-packages:${PYTHONPATH} /usr/bin/python3 -W ignore:setup.py install is deprecated -W ignore:easy_install command is deprecated setup.py egg_info --egg-base ../../build/LinePreProcessor build --build-base /home/bah/LineFollower_Sim2Real/build/LinePreProcessor/build install --record /home/bah/LineFollower_Sim2Real/build/LinePreProcessor/install.log --single-version-externally-managed install_data
