running egg_info
creating ../../build/linepreprocessor/linepreprocessor.egg-info
writing ../../build/linepreprocessor/linepreprocessor.egg-info/PKG-INFO
writing dependency_links to ../../build/linepreprocessor/linepreprocessor.egg-info/dependency_links.txt
writing entry points to ../../build/linepreprocessor/linepreprocessor.egg-info/entry_points.txt
writing requirements to ../../build/linepreprocessor/linepreprocessor.egg-info/requires.txt
writing top-level names to ../../build/linepreprocessor/linepreprocessor.egg-info/top_level.txt
writing manifest file '../../build/linepreprocessor/linepreprocessor.egg-info/SOURCES.txt'
reading manifest file '../../build/linepreprocessor/linepreprocessor.egg-info/SOURCES.txt'
adding license file 'LICENSE'
writing manifest file '../../build/linepreprocessor/linepreprocessor.egg-info/SOURCES.txt'
running build
running build_py
creating /home/bah/LineFollower_Sim2Real/build/linepreprocessor/build
creating /home/bah/LineFollower_Sim2Real/build/linepreprocessor/build/lib
creating /home/bah/LineFollower_Sim2Real/build/linepreprocessor/build/lib/linepreprocessor
copying linepreprocessor/line_center_finder.py -> /home/bah/LineFollower_Sim2Real/build/linepreprocessor/build/lib/linepreprocessor
copying linepreprocessor/__init__.py -> /home/bah/LineFollower_Sim2Real/build/linepreprocessor/build/lib/linepreprocessor
running install
running install_lib
creating /home/bah/LineFollower_Sim2Real/install/linepreprocessor/lib/python3.10/site-packages/linepreprocessor
copying /home/bah/LineFollower_Sim2Real/build/linepreprocessor/build/lib/linepreprocessor/line_center_finder.py -> /home/bah/LineFollower_Sim2Real/install/linepreprocessor/lib/python3.10/site-packages/linepreprocessor
copying /home/bah/LineFollower_Sim2Real/build/linepreprocessor/build/lib/linepreprocessor/__init__.py -> /home/bah/LineFollower_Sim2Real/install/linepreprocessor/lib/python3.10/site-packages/linepreprocessor
byte-compiling /home/bah/LineFollower_Sim2Real/install/linepreprocessor/lib/python3.10/site-packages/linepreprocessor/line_center_finder.py to line_center_finder.cpython-310.pyc
byte-compiling /home/bah/LineFollower_Sim2Real/install/linepreprocessor/lib/python3.10/site-packages/linepreprocessor/__init__.py to __init__.cpython-310.pyc
running install_data
creating /home/bah/LineFollower_Sim2Real/install/linepreprocessor/share/ament_index
creating /home/bah/LineFollower_Sim2Real/install/linepreprocessor/share/ament_index/resource_index
creating /home/bah/LineFollower_Sim2Real/install/linepreprocessor/share/ament_index/resource_index/packages
copying resource/linepreprocessor -> /home/bah/LineFollower_Sim2Real/install/linepreprocessor/share/ament_index/resource_index/packages
copying package.xml -> /home/bah/LineFollower_Sim2Real/install/linepreprocessor/share/linepreprocessor
running install_egg_info
Copying ../../build/linepreprocessor/linepreprocessor.egg-info to /home/bah/LineFollower_Sim2Real/install/linepreprocessor/lib/python3.10/site-packages/linepreprocessor-0.0.0-py3.10.egg-info
running install_scripts
Installing line_center_finder script to /home/bah/LineFollower_Sim2Real/install/linepreprocessor/lib/linepreprocessor
writing list of installed files to '/home/bah/LineFollower_Sim2Real/build/linepreprocessor/install.log'
