[0.234s] Invoking command in '/home/bah/LineFollower_Sim2Real/src/linepreprocessor': PYTHONPATH=/home/bah/LineFollower_Sim2Real/build/linepreprocessor/prefix_override:/usr/lib/python3/dist-packages/colcon_core/task/python/colcon_distutils_commands:/home/bah/LineFollower_Sim2Real/install/linepreprocessor/lib/python3.10/site-packages:${PYTHONPATH} /usr/bin/python3 -W ignore:setup.py install is deprecated -W ignore:easy_install command is deprecated setup.py egg_info --egg-base ../../build/linepreprocessor build --build-base /home/bah/LineFollower_Sim2Real/build/linepreprocessor/build install --record /home/bah/LineFollower_Sim2Real/build/linepreprocessor/install.log --single-version-externally-managed install_data
[0.335s] running egg_info
[0.335s] creating ../../build/linepreprocessor/linepreprocessor.egg-info
[0.335s] writing ../../build/linepreprocessor/linepreprocessor.egg-info/PKG-INFO
[0.336s] writing dependency_links to ../../build/linepreprocessor/linepreprocessor.egg-info/dependency_links.txt
[0.336s] writing entry points to ../../build/linepreprocessor/linepreprocessor.egg-info/entry_points.txt
[0.336s] writing requirements to ../../build/linepreprocessor/linepreprocessor.egg-info/requires.txt
[0.336s] writing top-level names to ../../build/linepreprocessor/linepreprocessor.egg-info/top_level.txt
[0.336s] writing manifest file '../../build/linepreprocessor/linepreprocessor.egg-info/SOURCES.txt'
[0.336s] reading manifest file '../../build/linepreprocessor/linepreprocessor.egg-info/SOURCES.txt'
[0.336s] adding license file 'LICENSE'
[0.337s] writing manifest file '../../build/linepreprocessor/linepreprocessor.egg-info/SOURCES.txt'
[0.337s] running build
[0.337s] running build_py
[0.337s] creating /home/bah/LineFollower_Sim2Real/build/linepreprocessor/build
[0.337s] creating /home/bah/LineFollower_Sim2Real/build/linepreprocessor/build/lib
[0.337s] creating /home/bah/LineFollower_Sim2Real/build/linepreprocessor/build/lib/linepreprocessor
[0.337s] copying linepreprocessor/line_center_finder.py -> /home/bah/LineFollower_Sim2Real/build/linepreprocessor/build/lib/linepreprocessor
[0.337s] copying linepreprocessor/__init__.py -> /home/bah/LineFollower_Sim2Real/build/linepreprocessor/build/lib/linepreprocessor
[0.337s] running install
[0.337s] running install_lib
[0.337s] creating /home/bah/LineFollower_Sim2Real/install/linepreprocessor/lib/python3.10/site-packages/linepreprocessor
[0.337s] copying /home/bah/LineFollower_Sim2Real/build/linepreprocessor/build/lib/linepreprocessor/line_center_finder.py -> /home/bah/LineFollower_Sim2Real/install/linepreprocessor/lib/python3.10/site-packages/linepreprocessor
[0.337s] copying /home/bah/LineFollower_Sim2Real/build/linepreprocessor/build/lib/linepreprocessor/__init__.py -> /home/bah/LineFollower_Sim2Real/install/linepreprocessor/lib/python3.10/site-packages/linepreprocessor
[0.337s] byte-compiling /home/bah/LineFollower_Sim2Real/install/linepreprocessor/lib/python3.10/site-packages/linepreprocessor/line_center_finder.py to line_center_finder.cpython-310.pyc
[0.338s] byte-compiling /home/bah/LineFollower_Sim2Real/install/linepreprocessor/lib/python3.10/site-packages/linepreprocessor/__init__.py to __init__.cpython-310.pyc
[0.338s] running install_data
[0.338s] creating /home/bah/LineFollower_Sim2Real/install/linepreprocessor/share/ament_index
[0.338s] creating /home/bah/LineFollower_Sim2Real/install/linepreprocessor/share/ament_index/resource_index
[0.338s] creating /home/bah/LineFollower_Sim2Real/install/linepreprocessor/share/ament_index/resource_index/packages
[0.338s] copying resource/linepreprocessor -> /home/bah/LineFollower_Sim2Real/install/linepreprocessor/share/ament_index/resource_index/packages
[0.338s] copying package.xml -> /home/bah/LineFollower_Sim2Real/install/linepreprocessor/share/linepreprocessor
[0.338s] running install_egg_info
[0.339s] Copying ../../build/linepreprocessor/linepreprocessor.egg-info to /home/bah/LineFollower_Sim2Real/install/linepreprocessor/lib/python3.10/site-packages/linepreprocessor-0.0.0-py3.10.egg-info
[0.339s] running install_scripts
[0.348s] Installing line_center_finder script to /home/bah/LineFollower_Sim2Real/install/linepreprocessor/lib/linepreprocessor
[0.348s] writing list of installed files to '/home/bah/LineFollower_Sim2Real/build/linepreprocessor/install.log'
[0.357s] Invoked command in '/home/bah/LineFollower_Sim2Real/src/linepreprocessor' returned '0': PYTHONPATH=/home/bah/LineFollower_Sim2Real/build/linepreprocessor/prefix_override:/usr/lib/python3/dist-packages/colcon_core/task/python/colcon_distutils_commands:/home/bah/LineFollower_Sim2Real/install/linepreprocessor/lib/python3.10/site-packages:${PYTHONPATH} /usr/bin/python3 -W ignore:setup.py install is deprecated -W ignore:easy_install command is deprecated setup.py egg_info --egg-base ../../build/linepreprocessor build --build-base /home/bah/LineFollower_Sim2Real/build/linepreprocessor/build install --record /home/bah/LineFollower_Sim2Real/build/linepreprocessor/install.log --single-version-externally-managed install_data
